#
# A fatal error has been detected by the Java Runtime Environment:
#
#  SIGSEGV (0xb) at pc=0xa755575d, pid=2490, tid=1674206016
#
# JRE version: Java(TM) SE Runtime Environment (8.0_31-b13) (build 1.8.0_31-b13)
# Java VM: Java HotSpot(TM) Server VM (25.31-b07 mixed mode linux-x86 )
# Problematic frame:
# v  ~BufferBlob::jni_fast_GetLongField
#
# Failed to write core dump. Core dumps have been disabled. To enable core dumping, try "ulimit -c unlimited" before starting Java again
#
# If you would like to submit a bug report, please visit:
#   http://bugreport.java.com/bugreport/crash.jsp
# The crash happened outside the Java Virtual Machine in native code.
# See problematic frame for where to report the bug.
#

---------------  T H R E A D  ---------------

Current thread (0x63fd6800):  JavaThread "AWT-XAWT" daemon [_thread_in_native, id=2509, stack(0x63c55000,0x63ca6000)]

siginfo: si_signo: 11 (SIGSEGV), si_code: 1 (SEGV_MAPERR), si_addr: 0x00000000

Registers:
EAX=0x00000000, EBX=0x63efd644, ECX=0x00000120, EDX=0x00000000
ESP=0x63ca4a68, EBP=0x63ca4aa8, ESI=0x00000042, EDI=0x00000000
EIP=0xa755575d, EFLAGS=0x00010246, CR2=0x00000000

Top of Stack: (sp=0x63ca4a68)
0x63ca4a68:   63fd6930 63ee634d 63fd6930 00000000
0x63ca4a78:   00000042 a7b2aade 9344554c 63fd6930
0x63ca4a88:   63ca4aa8 00000000 b70fd624 00010002
0x63ca4a98:   00000002 63ead000 67511d58 00000000
0x63ca4aa8:   67513a00 63dda038 67513a00 00000000
0x63ca4ab8:   00000000 63ead000 63ead000 63f40d10
0x63ca4ac8:   63dd9fd9 63ead000 67513e00 01000003
0x63ca4ad8:   0985f9b8 63dd13c8 67513a00 00000000 

Instructions: (pc=0xa755575d)
0xa755573d:   00 00 00 56 8b 0d a8 18 12 b7 f6 c1 01 0f 85 30
0xa755574d:   00 00 00 8b c1 83 e0 01 8b 54 04 0c 8b 74 24 10
0xa755575d:   8b 12 c1 ee 02 8b 04 32 8b 54 32 04 be a8 18 12
0xa755576d:   b7 33 f2 33 f0 33 f2 33 f0 3b 0e 0f 85 02 00 00 

Register to memory mapping:

EAX=0x00000000 is an unknown value
EBX=0x63efd644: <offset 0x4d644> in /usr/local/jdk1.8.0_31/jre/lib/i386/libawt_xawt.so at 0x63eb0000
ECX=0x00000120 is an unknown value
EDX=0x00000000 is an unknown value
ESP=0x63ca4a68 is pointing into the stack for thread: 0x63fd6800
EBP=0x63ca4aa8 is pointing into the stack for thread: 0x63fd6800
ESI=0x00000042 is an unknown value
EDI=0x00000000 is an unknown value


Stack: [0x63c55000,0x63ca6000],  sp=0x63ca4a68,  free space=318k
Native frames: (J=compiled Java code, j=interpreted, Vv=VM code, C=native code)
v  ~BufferBlob::jni_fast_GetLongField
C  [libX11.so.6+0x5e038]  _XimServerDestroy+0x68

Java frames: (J=compiled Java code, j=interpreted, Vv=VM code)
J 712  sun.awt.X11.XlibWrapper.XFilterEvent(JJ)Z (0 bytes) @ 0xa7701c76 [0xa7701c20+0x56]
J 2305% C1 sun.awt.X11.XToolkit.run(Z)V (410 bytes) @ 0xa7af8fd0 [0xa7af63c0+0x2c10]
j  sun.awt.X11.XToolkit.run()V+5
j  java.lang.Thread.run()V+11
v  ~StubRoutines::call_stub

---------------  P R O C E S S  ---------------

Java Threads: ( => current thread )
  0x63ff1000 JavaThread "DestroyJavaVM" [_thread_blocked, id=2494, stack(0xb66d1000,0xb6722000)]
  0x6751c000 JavaThread "TimerQueue" daemon [_thread_blocked, id=2514, stack(0x6312e000,0x6317f000)]
  0x63ff4000 JavaThread "AWT-EventQueue-0" [_thread_blocked, id=2512, stack(0x6375e000,0x637af000)]
  0x63ff2c00 JavaThread "AWT-Shutdown" [_thread_blocked, id=2511, stack(0x637af000,0x63800000)]
=>0x63fd6800 JavaThread "AWT-XAWT" daemon [_thread_in_native, id=2509, stack(0x63c55000,0x63ca6000)]
  0x63fc0c00 JavaThread "Java2D Disposer" daemon [_thread_blocked, id=2508, stack(0x63ca6000,0x63cf7000)]
  0x64aaa400 JavaThread "Service Thread" daemon [_thread_blocked, id=2506, stack(0x6470d000,0x6475e000)]
  0x64aa7000 JavaThread "C1 CompilerThread2" daemon [_thread_blocked, id=2505, stack(0x6414c000,0x641cd000)]
  0x64aa5c00 JavaThread "C2 CompilerThread1" daemon [_thread_blocked, id=2504, stack(0x641cd000,0x6424e000)]
  0x64aa4000 JavaThread "C2 CompilerThread0" daemon [_thread_blocked, id=2503, stack(0x6424e000,0x642cf000)]
  0x64aa2800 JavaThread "Signal Dispatcher" daemon [_thread_blocked, id=2502, stack(0x6475e000,0x647af000)]
  0x64a85400 JavaThread "Finalizer" daemon [_thread_blocked, id=2501, stack(0x647af000,0x64800000)]
  0x64a83c00 JavaThread "Reference Handler" daemon [_thread_blocked, id=2500, stack(0x6492e000,0x6497f000)]

Other Threads:
  0x64a80c00 VMThread [stack: 0x6497f000,0x64a00000] [id=2499]
  0x64aabc00 WatcherThread [stack: 0x640cb000,0x6414c000] [id=2507]

VM state:not at safepoint (normal execution)

VM Mutex/Monitor currently owned by a thread: None

Heap:
 PSYoungGen      total 19200K, used 4462K [0x91f80000, 0x934c0000, 0xa7000000)
  eden space 16640K, 11% used [0x91f80000,0x9215d080,0x92fc0000)
  from space 2560K, 99% used [0x93240000,0x934bea70,0x934c0000)
  to   space 2560K, 0% used [0x92fc0000,0x92fc0000,0x93240000)
 ParOldGen       total 43776K, used 1973K [0x67e00000, 0x6a8c0000, 0x91f80000)
  object space 43776K, 4% used [0x67e00000,0x67fed5e0,0x6a8c0000)
 Metaspace       used 10651K, capacity 10821K, committed 10904K, reserved 11568K

Card table byte_map: [0x67c06000,0x67e00000] byte_map_base: 0x678c7000

Marking Bits: (ParMarkBitMap*) 0xb7121580
 Begin Bits: [0x65570000, 0x66538000)
 End Bits:   [0x66538000, 0x67500000)

Polling page: 0xb7726000

CodeCache: size=245760Kb used=6343Kb max_used=6354Kb free=239417Kb
 bounds [0xa7500000, 0xa7b40000, 0xb6500000]
 total_blobs=2504 nmethods=2217 adapters=200
 compilation: enabled

Compilation events (10 events):
Event: 5250,591 Thread 0x64aa7000 2368       3       sun.awt.NullComponentPeer::dispose (1 bytes)
Event: 5250,591 Thread 0x64aa7000 nmethod 2368 0xa76aa288 code [0xa76aa3a0, 0xa76aa480]
Event: 5250,592 Thread 0x64aa7000 2369       3       sun.awt.NullComponentPeer::setVisible (1 bytes)
Event: 5250,592 Thread 0x64aa7000 nmethod 2369 0xa784fd48 code [0xa784fe60, 0xa784ff40]
Event: 5250,606 Thread 0x64aa7000 2370       3       java.awt.LightweightDispatcher::removeReferences (45 bytes)
Event: 5250,607 Thread 0x64aa7000 nmethod 2370 0xa7b2aec8 code [0xa7b2afe0, 0xa7b2b160]
Event: 9314,960 Thread 0x64aa4000 2371       4       java.util.Arrays::copyOf (46 bytes)
Event: 9314,968 Thread 0x64aa4000 nmethod 2371 0xa7b2a8c8 code [0xa7b2a9e0, 0xa7b2acd0]
Event: 9324,812 Thread 0x64aa5c00 2372   !   4       java.util.Vector$Itr::next (63 bytes)
Event: 9324,817 Thread 0x64aa5c00 nmethod 2372 0xa7b2a388 code [0xa7b2a4a0, 0xa7b2a710]

GC Heap History (4 events):
Event: 10,437 GC heap before
{Heap before GC invocations=1 (full 0):
 PSYoungGen      total 19200K, used 16640K [0x91f80000, 0x934c0000, 0xa7000000)
  eden space 16640K, 100% used [0x91f80000,0x92fc0000,0x92fc0000)
  from space 2560K, 0% used [0x93240000,0x93240000,0x934c0000)
  to   space 2560K, 0% used [0x92fc0000,0x92fc0000,0x93240000)
 ParOldGen       total 43776K, used 0K [0x67e00000, 0x6a8c0000, 0x91f80000)
  object space 43776K, 0% used [0x67e00000,0x67e00000,0x6a8c0000)
 Metaspace       used 9677K, capacity 9819K, committed 9880K, reserved 10544K
Event: 10,452 GC heap after
Heap after GC invocations=1 (full 0):
 PSYoungGen      total 19200K, used 2554K [0x91f80000, 0x934c0000, 0xa7000000)
  eden space 16640K, 0% used [0x91f80000,0x91f80000,0x92fc0000)
  from space 2560K, 99% used [0x92fc0000,0x9323eab0,0x93240000)
  to   space 2560K, 0% used [0x93240000,0x93240000,0x934c0000)
 ParOldGen       total 43776K, used 1417K [0x67e00000, 0x6a8c0000, 0x91f80000)
  object space 43776K, 3% used [0x67e00000,0x67f624d8,0x6a8c0000)
 Metaspace       used 9677K, capacity 9819K, committed 9880K, reserved 10544K
}
Event: 3796,614 GC heap before
{Heap before GC invocations=2 (full 0):
 PSYoungGen      total 19200K, used 19194K [0x91f80000, 0x934c0000, 0xa7000000)
  eden space 16640K, 100% used [0x91f80000,0x92fc0000,0x92fc0000)
  from space 2560K, 99% used [0x92fc0000,0x9323eab0,0x93240000)
  to   space 2560K, 0% used [0x93240000,0x93240000,0x934c0000)
 ParOldGen       total 43776K, used 1417K [0x67e00000, 0x6a8c0000, 0x91f80000)
  object space 43776K, 3% used [0x67e00000,0x67f624d8,0x6a8c0000)
 Metaspace       used 10608K, capacity 10789K, committed 10904K, reserved 11568K
Event: 3796,624 GC heap after
Heap after GC invocations=2 (full 0):
 PSYoungGen      total 19200K, used 2554K [0x91f80000, 0x934c0000, 0xa7000000)
  eden space 16640K, 0% used [0x91f80000,0x91f80000,0x92fc0000)
  from space 2560K, 99% used [0x93240000,0x934bea70,0x934c0000)
  to   space 2560K, 0% used [0x92fc0000,0x92fc0000,0x93240000)
 ParOldGen       total 43776K, used 1973K [0x67e00000, 0x6a8c0000, 0x91f80000)
  object space 43776K, 4% used [0x67e00000,0x67fed5e0,0x6a8c0000)
 Metaspace       used 10608K, capacity 10789K, committed 10904K, reserved 11568K
}

Deoptimization events (10 events):
Event: 4,681 Thread 0x63ff4000 Uncommon trap: reason=class_check action=maybe_recompile pc=0xa7649e0c method=java.lang.String.equals(Ljava/lang/Object;)Z @ 8
Event: 9,805 Thread 0x63ff1000 Uncommon trap: reason=unreached action=reinterpret pc=0xa781eed0 method=java.security.AccessControlContext.optimize()Ljava/security/AccessControlContext; @ 49
Event: 121,620 Thread 0x63ff4000 Uncommon trap: reason=unreached action=reinterpret pc=0xa78b1bcc method=java.awt.Container$MouseEventTargetFilter.accept(Ljava/awt/Component;)Z @ 57
Event: 361,486 Thread 0x63ff4000 Uncommon trap: reason=bimorphic action=maybe_recompile pc=0xa790db98 method=java.util.HashMap.putVal(ILjava/lang/Object;Ljava/lang/Object;ZZ)Ljava/lang/Object; @ 203
Event: 361,487 Thread 0x63ff4000 Uncommon trap: reason=bimorphic action=maybe_recompile pc=0xa790db98 method=java.util.HashMap.putVal(ILjava/lang/Object;Ljava/lang/Object;ZZ)Ljava/lang/Object; @ 203
Event: 361,487 Thread 0x63ff4000 Uncommon trap: reason=bimorphic action=maybe_recompile pc=0xa790db98 method=java.util.HashMap.putVal(ILjava/lang/Object;Ljava/lang/Object;ZZ)Ljava/lang/Object; @ 203
Event: 361,487 Thread 0x63ff4000 Uncommon trap: reason=bimorphic action=maybe_recompile pc=0xa790db98 method=java.util.HashMap.putVal(ILjava/lang/Object;Ljava/lang/Object;ZZ)Ljava/lang/Object; @ 203
Event: 361,487 Thread 0x63ff4000 Uncommon trap: reason=bimorphic action=maybe_recompile pc=0xa774e7fc method=java.util.HashMap.putVal(ILjava/lang/Object;Ljava/lang/Object;ZZ)Ljava/lang/Object; @ 203
Event: 5131,720 Thread 0x63ff4000 Uncommon trap: reason=speculate_class_check action=maybe_recompile pc=0xa7a2a798 method=java.awt.Component.dispatchEventImpl(Ljava/awt/AWTEvent;)V @ 506
Event: 5131,720 Thread 0x63ff4000 Uncommon trap: reason=bimorphic action=maybe_recompile pc=0xa77b1d38 method=java.awt.Component.processEvent(Ljava/awt/AWTEvent;)V @ 121

Internal exceptions (10 events):
Event: 10,751 Thread 0x63ff4000 Exception <a 'java/security/PrivilegedActionException'> (0x92085b58) thrown at [/HUDSON3/workspace/8-2-build-linux-i586/jdk8u31/2394/hotspot/src/share/vm/prims/jvm.cpp, line 1312]
Event: 10,765 Thread 0x63ff4000 Exception <a 'java/security/PrivilegedActionException'> (0x920c4ec0) thrown at [/HUDSON3/workspace/8-2-build-linux-i586/jdk8u31/2394/hotspot/src/share/vm/prims/jvm.cpp, line 1312]
Event: 10,784 Thread 0x63ff4000 Exception <a 'java/security/PrivilegedActionException'> (0x920d38f8) thrown at [/HUDSON3/workspace/8-2-build-linux-i586/jdk8u31/2394/hotspot/src/share/vm/prims/jvm.cpp, line 1312]
Event: 10,911 Thread 0x63ff4000 Exception <a 'java/lang/UnsupportedOperationException': > (0x92110178) thrown at [/HUDSON3/workspace/8-2-build-linux-i586/jdk8u31/2394/hotspot/src/share/vm/prims/jni.cpp, line 742]
Event: 28,392 Thread 0x63ff4000 Exception <a 'java/lang/UnsupportedOperationException': > (0x921d0508) thrown at [/HUDSON3/workspace/8-2-build-linux-i586/jdk8u31/2394/hotspot/src/share/vm/prims/jni.cpp, line 742]
Event: 29,848 Thread 0x63ff4000 Exception <a 'java/lang/UnsupportedOperationException': > (0x92297b48) thrown at [/HUDSON3/workspace/8-2-build-linux-i586/jdk8u31/2394/hotspot/src/share/vm/prims/jni.cpp, line 742]
Event: 340,644 Thread 0x63ff4000 Exception <a 'java/lang/UnsupportedOperationException': > (0x925717a8) thrown at [/HUDSON3/workspace/8-2-build-linux-i586/jdk8u31/2394/hotspot/src/share/vm/prims/jni.cpp, line 742]
Event: 341,411 Thread 0x63ff4000 Exception <a 'java/lang/UnsupportedOperationException': > (0x925d0fa0) thrown at [/HUDSON3/workspace/8-2-build-linux-i586/jdk8u31/2394/hotspot/src/share/vm/prims/jni.cpp, line 742]
Event: 403,703 Thread 0x63ff4000 Exception <a 'java/lang/UnsupportedOperationException': > (0x92ae6638) thrown at [/HUDSON3/workspace/8-2-build-linux-i586/jdk8u31/2394/hotspot/src/share/vm/prims/jni.cpp, line 742]
Event: 404,171 Thread 0x63ff4000 Exception <a 'java/lang/UnsupportedOperationException': > (0x92b4c140) thrown at [/HUDSON3/workspace/8-2-build-linux-i586/jdk8u31/2394/hotspot/src/share/vm/prims/jni.cpp, line 742]

Events (10 events):
Event: 3802,291 Executing VM operation: BulkRevokeBias
Event: 3802,291 Executing VM operation: BulkRevokeBias done
Event: 3802,365 Executing VM operation: BulkRevokeBias
Event: 3802,365 Executing VM operation: BulkRevokeBias done
Event: 5131,720 Thread 0x63ff4000 Uncommon trap: trap_request=0xffffff76 fr.pc=0xa7a2a798
Event: 5131,720 Thread 0x63ff4000 DEOPT PACKING pc=0xa7a2a798 sp=0x637acd90
Event: 5131,720 Thread 0x63ff4000 DEOPT UNPACKING pc=0xa753abd5 sp=0x637acd80 mode 2
Event: 5131,720 Thread 0x63ff4000 Uncommon trap: trap_request=0xffffffc6 fr.pc=0xa77b1d38
Event: 5131,720 Thread 0x63ff4000 DEOPT PACKING pc=0xa77b1d38 sp=0x637acd60
Event: 5131,720 Thread 0x63ff4000 DEOPT UNPACKING pc=0xa753abd5 sp=0x637acd10 mode 2


Dynamic libraries:
08048000-08049000 r-xp 00000000 08:01 287984     /usr/local/jdk1.8.0_31/bin/java
08049000-0804a000 rw-p 00000000 08:01 287984     /usr/local/jdk1.8.0_31/bin/java
0985e000-0988f000 rw-p 00000000 00:00 0          [heap]
61a00000-61ae5000 rw-p 00000000 00:00 0 
61ae5000-61b00000 ---p 00000000 00:00 0 
61c00000-61cef000 rw-p 00000000 00:00 0 
61cef000-61d00000 ---p 00000000 00:00 0 
61d00000-61dfa000 rw-p 00000000 00:00 0 
61dfa000-61e00000 ---p 00000000 00:00 0 
61e00000-61efa000 rw-p 00000000 00:00 0 
61efa000-61f00000 ---p 00000000 00:00 0 
61f00000-62000000 rw-p 00000000 00:00 0 
62000000-620e5000 rw-p 00000000 00:00 0 
620e5000-62100000 ---p 00000000 00:00 0 
62100000-621fa000 rw-p 00000000 00:00 0 
621fa000-62200000 ---p 00000000 00:00 0 
62200000-622ed000 rw-p 00000000 00:00 0 
622ed000-62300000 ---p 00000000 00:00 0 
62300000-623e5000 rw-p 00000000 00:00 0 
623e5000-62400000 ---p 00000000 00:00 0 
62400000-624f8000 rw-p 00000000 00:00 0 
624f8000-62500000 ---p 00000000 00:00 0 
62500000-625ef000 rw-p 00000000 00:00 0 
625ef000-62600000 ---p 00000000 00:00 0 
62600000-626ff000 rw-p 00000000 00:00 0 
626ff000-62700000 ---p 00000000 00:00 0 
62700000-628b2000 rw-p 00000000 00:00 0 
628b2000-62900000 ---p 00000000 00:00 0 
62900000-629fa000 rw-p 00000000 00:00 0 
629fa000-62a00000 ---p 00000000 00:00 0 
62b00000-62c00000 rw-p 00000000 00:00 0 
62c00000-62cea000 rw-p 00000000 00:00 0 
62cea000-62d00000 ---p 00000000 00:00 0 
62d7a000-62d7d000 ---p 00000000 00:00 0 
62d7d000-62dcb000 rw-p 00000000 00:00 0 
62dcb000-62dff000 r-xp 00000000 08:01 414395     /usr/local/jdk1.8.0_31/jre/lib/i386/libjpeg.so
62dff000-62e00000 rw-p 00033000 08:01 414395     /usr/local/jdk1.8.0_31/jre/lib/i386/libjpeg.so
62e00000-62efb000 rw-p 00000000 00:00 0 
62efb000-62f00000 ---p 00000000 00:00 0 
62f00000-63000000 rw-p 00000000 00:00 0 
63000000-630fc000 rw-p 00000000 00:00 0 
630fc000-63100000 ---p 00000000 00:00 0 
63111000-6312e000 rw-s 00000000 00:04 3637260    /SYSV00000000 (deleted)
6312e000-63131000 ---p 00000000 00:00 0 
63131000-6327f000 rw-p 00000000 00:00 0          [stack:2514]
63280000-632e0000 rw-p 00000000 00:00 0 
632e0000-63380000 ---p 00000000 00:00 0 
63380000-63480000 rw-p 00000000 00:00 0 
63480000-634e0000 r-xp 00000000 08:01 414413     /usr/local/jdk1.8.0_31/jre/lib/i386/libt2k.so
634e0000-634e4000 rw-p 00060000 08:01 414413     /usr/local/jdk1.8.0_31/jre/lib/i386/libt2k.so
634e4000-634e8000 rw-p 00000000 00:00 0 
63500000-63600000 rw-p 00000000 00:00 0 
63600000-636e9000 rw-p 00000000 00:00 0 
636e9000-63700000 ---p 00000000 00:00 0 
6374e000-6375d000 r-xp 00000000 08:01 414411     /usr/local/jdk1.8.0_31/jre/lib/i386/libnio.so
6375d000-6375e000 rw-p 0000e000 08:01 414411     /usr/local/jdk1.8.0_31/jre/lib/i386/libnio.so
6375e000-63761000 ---p 00000000 00:00 0 
63761000-637af000 rw-p 00000000 00:00 0          [stack:2512]
637af000-637b2000 ---p 00000000 00:00 0 
637b2000-63800000 rw-p 00000000 00:00 0          [stack:2511]
63800000-638e8000 rw-p 00000000 00:00 0 
638e8000-63900000 ---p 00000000 00:00 0 
63900000-63a00000 rw-p 00000000 00:00 0 
63a00000-63b00000 rw-p 00000000 00:00 0 
63b00000-63bfc000 rw-p 00000000 00:00 0 
63bfc000-63c00000 ---p 00000000 00:00 0 
63c04000-63c07000 ---p 00000000 00:00 0 
63c07000-63c55000 rw-p 00000000 00:00 0 
63c55000-63c58000 ---p 00000000 00:00 0 
63c58000-63ca6000 rw-p 00000000 00:00 0          [stack:2509]
63ca6000-63ca9000 ---p 00000000 00:00 0 
63ca9000-63cf7000 rw-p 00000000 00:00 0          [stack:2508]
63cf7000-63d13000 r-xp 00000000 08:01 399158     /lib/i386-linux-gnu/libgcc_s.so.1
63d13000-63d14000 rw-p 0001b000 08:01 399158     /lib/i386-linux-gnu/libgcc_s.so.1
63d14000-63d75000 r-xp 00000000 08:01 414347     /usr/local/jdk1.8.0_31/jre/lib/i386/libfontmanager.so
63d75000-63d78000 rw-p 00060000 08:01 414347     /usr/local/jdk1.8.0_31/jre/lib/i386/libfontmanager.so
63d78000-63d7c000 rw-p 00000000 00:00 0 
63d7c000-63eac000 r-xp 00000000 08:01 262434     /usr/lib/i386-linux-gnu/libX11.so.6.3.0
63eac000-63ead000 r--p 00130000 08:01 262434     /usr/lib/i386-linux-gnu/libX11.so.6.3.0
63ead000-63eaf000 rw-p 00131000 08:01 262434     /usr/lib/i386-linux-gnu/libX11.so.6.3.0
63eaf000-63eb0000 rw-p 00000000 00:00 0 
63eb0000-63efd000 r-xp 00000000 08:01 414369     /usr/local/jdk1.8.0_31/jre/lib/i386/libawt_xawt.so
63efd000-63eff000 rw-p 0004c000 08:01 414369     /usr/local/jdk1.8.0_31/jre/lib/i386/libawt_xawt.so
63eff000-63f00000 rw-p 00000000 00:00 0 
63f00000-63ffa000 rw-p 00000000 00:00 0 
63ffa000-64000000 ---p 00000000 00:00 0 
64004000-64019000 r-xp 00000000 08:01 414412     /usr/local/jdk1.8.0_31/jre/lib/i386/libnet.so
64019000-6401a000 rw-p 00014000 08:01 414412     /usr/local/jdk1.8.0_31/jre/lib/i386/libnet.so
6401a000-640a0000 r-xp 00000000 08:01 414414     /usr/local/jdk1.8.0_31/jre/lib/i386/libawt.so
640a0000-640a7000 rw-p 00086000 08:01 414414     /usr/local/jdk1.8.0_31/jre/lib/i386/libawt.so
640a7000-640cb000 rw-p 00000000 00:00 0 
640cb000-640cc000 ---p 00000000 00:00 0 
640cc000-6414c000 rw-p 00000000 00:00 0          [stack:2507]
6414c000-6414f000 ---p 00000000 00:00 0 
6414f000-641cd000 rw-p 00000000 00:00 0          [stack:2505]
641cd000-641d0000 ---p 00000000 00:00 0 
641d0000-6424e000 rw-p 00000000 00:00 0          [stack:2504]
6424e000-64251000 ---p 00000000 00:00 0 
64251000-642cf000 rw-p 00000000 00:00 0          [stack:2503]
642cf000-64400000 r--p 00189000 08:01 267103     /usr/lib/locale/locale-archive
64400000-64600000 r--p 00000000 08:01 267103     /usr/lib/locale/locale-archive
64600000-646a1000 rw-p 00000000 00:00 0 
646a1000-64700000 ---p 00000000 00:00 0 
6470d000-64710000 ---p 00000000 00:00 0 
64710000-6475e000 rw-p 00000000 00:00 0          [stack:2506]
6475e000-64761000 ---p 00000000 00:00 0 
64761000-647af000 rw-p 00000000 00:00 0          [stack:2502]
647af000-647b2000 ---p 00000000 00:00 0 
647b2000-64800000 rw-p 00000000 00:00 0          [stack:2501]
64800000-648f9000 rw-p 00000000 00:00 0 
648f9000-64900000 ---p 00000000 00:00 0 
64908000-6492e000 r--p 00000000 08:01 536501     /usr/share/locale-langpack/es/LC_MESSAGES/libc.mo
6492e000-64931000 ---p 00000000 00:00 0 
64931000-6497f000 rw-p 00000000 00:00 0          [stack:2500]
6497f000-64980000 ---p 00000000 00:00 0 
64980000-64a00000 rw-p 00000000 00:00 0          [stack:2499]
64a00000-64af8000 rw-p 00000000 00:00 0 
64af8000-64b00000 ---p 00000000 00:00 0 
64b0d000-64b5c000 rw-p 00000000 00:00 0 
64b5c000-64d32000 r--s 03cae000 08:01 414440     /usr/local/jdk1.8.0_31/jre/lib/rt.jar
64d32000-65178000 rw-p 00000000 00:00 0 
65178000-6517e000 ---p 00000000 00:00 0 
6517e000-67500000 rw-p 00000000 00:00 0 
67500000-675fb000 rw-p 00000000 00:00 0 
675fb000-67600000 ---p 00000000 00:00 0 
67608000-67624000 r--s 00393000 08:01 952443     /usr/local/jdk1.8.0_31/jre/lib/ext/cldrdata.jar
67624000-6767f000 rw-p 00000000 00:00 0 
6767f000-67680000 ---p 00000000 00:00 0 
67680000-67700000 rw-p 00000000 00:00 0          [stack:2498]
67700000-67721000 rw-p 00000000 00:00 0 
67721000-67800000 ---p 00000000 00:00 0 
67800000-678fd000 rw-p 00000000 00:00 0 
678fd000-67900000 ---p 00000000 00:00 0 
67900000-67921000 rw-p 00000000 00:00 0 
67921000-67a00000 ---p 00000000 00:00 0 
67a07000-67a12000 r--s 00116000 08:01 952430     /usr/local/jdk1.8.0_31/jre/lib/ext/localedata.jar
67a12000-67a32000 r-xp 00000000 08:01 265693     /usr/lib/i386-linux-gnu/libxcb.so.1.1.0
67a32000-67a33000 r--p 0001f000 08:01 265693     /usr/lib/i386-linux-gnu/libxcb.so.1.1.0
67a33000-67a34000 rw-p 00020000 08:01 265693     /usr/lib/i386-linux-gnu/libxcb.so.1.1.0
67a34000-67a35000 ---p 00000000 00:00 0 
67a35000-67acb000 rw-p 00000000 00:00 0          [stack:2497]
67acb000-67c06000 ---p 00000000 00:00 0 
67c06000-67c1c000 rw-p 00000000 00:00 0 
67c1c000-67d56000 ---p 00000000 00:00 0 
67d56000-67d62000 rw-p 00000000 00:00 0 
67d62000-67dff000 ---p 00000000 00:00 0 
67dff000-6a8c0000 rw-p 00000000 00:00 0 
6a8c0000-91f80000 ---p 00000000 00:00 0 
91f80000-934c0000 rw-p 00000000 00:00 0 
934c0000-a7000000 ---p 00000000 00:00 0 
a7003000-a7007000 r--s 00094000 08:01 414433     /usr/local/jdk1.8.0_31/jre/lib/jsse.jar
a7007000-a700b000 r-xp 00000000 08:01 263902     /usr/lib/i386-linux-gnu/libXfixes.so.3.1.0
a700b000-a700c000 r--p 00003000 08:01 263902     /usr/lib/i386-linux-gnu/libXfixes.so.3.1.0
a700c000-a700d000 rw-p 00004000 08:01 263902     /usr/lib/i386-linux-gnu/libXfixes.so.3.1.0
a700d000-a7012000 r-xp 00000000 08:01 264785     /usr/lib/i386-linux-gnu/libXdmcp.so.6.0.0
a7012000-a7013000 r--p 00004000 08:01 264785     /usr/lib/i386-linux-gnu/libXdmcp.so.6.0.0
a7013000-a7014000 rw-p 00005000 08:01 264785     /usr/lib/i386-linux-gnu/libXdmcp.so.6.0.0
a7014000-a7022000 r-xp 00000000 08:01 270258     /usr/lib/i386-linux-gnu/libXi.so.6.1.0
a7022000-a7023000 r--p 0000e000 08:01 270258     /usr/lib/i386-linux-gnu/libXi.so.6.1.0
a7023000-a7024000 rw-p 0000f000 08:01 270258     /usr/lib/i386-linux-gnu/libXi.so.6.1.0
a7024000-a7029000 r-xp 00000000 08:01 264815     /usr/lib/i386-linux-gnu/libXtst.so.6.1.0
a7029000-a702a000 r--p 00004000 08:01 264815     /usr/lib/i386-linux-gnu/libXtst.so.6.1.0
a702a000-a702b000 rw-p 00005000 08:01 264815     /usr/lib/i386-linux-gnu/libXtst.so.6.1.0
a702b000-a703c000 r-xp 00000000 08:01 263193     /usr/lib/i386-linux-gnu/libXext.so.6.4.0
a703c000-a703d000 r--p 00010000 08:01 263193     /usr/lib/i386-linux-gnu/libXext.so.6.4.0
a703d000-a703e000 rw-p 00011000 08:01 263193     /usr/lib/i386-linux-gnu/libXext.so.6.4.0
a703e000-a703f000 ---p 00000000 00:00 0 
a703f000-a70bf000 rw-p 00000000 00:00 0          [stack:2496]
a70bf000-a70c0000 ---p 00000000 00:00 0 
a70c0000-a7159000 rw-p 00000000 00:00 0          [stack:2495]
a7159000-a7500000 ---p 00000000 00:00 0 
a7500000-a7b40000 rwxp 00000000 00:00 0 
a7b40000-b6500000 ---p 00000000 00:00 0 
b6500000-b65fa000 rw-p 00000000 00:00 0 
b65fa000-b6600000 ---p 00000000 00:00 0 
b6602000-b660b000 r-xp 00000000 08:01 264794     /usr/lib/i386-linux-gnu/libXrender.so.1.3.0
b660b000-b660c000 r--p 00008000 08:01 264794     /usr/lib/i386-linux-gnu/libXrender.so.1.3.0
b660c000-b660d000 rw-p 00009000 08:01 264794     /usr/lib/i386-linux-gnu/libXrender.so.1.3.0
b6610000-b6619000 r-xp 00000000 08:01 264767     /usr/lib/i386-linux-gnu/libXcursor.so.1.0.2
b6619000-b661a000 r--p 00008000 08:01 264767     /usr/lib/i386-linux-gnu/libXcursor.so.1.0.2
b661a000-b661b000 rw-p 00009000 08:01 264767     /usr/lib/i386-linux-gnu/libXcursor.so.1.0.2
b661b000-b6622000 r--s 00000000 08:01 368217     /usr/lib/i386-linux-gnu/gconv/gconv-modules.cache
b6622000-b663a000 rw-p 00000000 00:00 0 
b663a000-b6653000 r-xp 00000000 08:01 414410     /usr/local/jdk1.8.0_31/jre/lib/i386/libzip.so
b6653000-b6654000 rw-p 00018000 08:01 414410     /usr/local/jdk1.8.0_31/jre/lib/i386/libzip.so
b6654000-b665e000 r-xp 00000000 08:01 422395     /lib/i386-linux-gnu/libnss_files-2.19.so
b665e000-b665f000 r--p 00009000 08:01 422395     /lib/i386-linux-gnu/libnss_files-2.19.so
b665f000-b6660000 rw-p 0000a000 08:01 422395     /lib/i386-linux-gnu/libnss_files-2.19.so
b6660000-b666a000 r-xp 00000000 08:01 422209     /lib/i386-linux-gnu/libnss_nis-2.19.so
b666a000-b666b000 r--p 00009000 08:01 422209     /lib/i386-linux-gnu/libnss_nis-2.19.so
b666b000-b666c000 rw-p 0000a000 08:01 422209     /lib/i386-linux-gnu/libnss_nis-2.19.so
b666c000-b6681000 r-xp 00000000 08:01 422422     /lib/i386-linux-gnu/libnsl-2.19.so
b6681000-b6682000 r--p 00015000 08:01 422422     /lib/i386-linux-gnu/libnsl-2.19.so
b6682000-b6683000 rw-p 00016000 08:01 422422     /lib/i386-linux-gnu/libnsl-2.19.so
b6683000-b6685000 rw-p 00000000 00:00 0 
b6685000-b668c000 r-xp 00000000 08:01 422418     /lib/i386-linux-gnu/libnss_compat-2.19.so
b668c000-b668d000 r--p 00006000 08:01 422418     /lib/i386-linux-gnu/libnss_compat-2.19.so
b668d000-b668e000 rw-p 00007000 08:01 422418     /lib/i386-linux-gnu/libnss_compat-2.19.so
b6690000-b6692000 r-xp 00000000 08:01 264774     /usr/lib/i386-linux-gnu/libXau.so.6.0.0
b6692000-b6693000 r--p 00001000 08:01 264774     /usr/lib/i386-linux-gnu/libXau.so.6.0.0
b6693000-b6694000 rw-p 00002000 08:01 264774     /usr/lib/i386-linux-gnu/libXau.so.6.0.0
b6694000-b6695000 r--s 00000000 08:01 1062433    /usr/local/netbeans-8.0.2/java/modules/ext/AbsoluteLayout.jar
b6695000-b669b000 r--s 00023000 08:01 583983     /home/alumnogreibd/BDII/ProyectoBases/ProyectoBases/jcalendar-1.4.jar
b669b000-b66a3000 rw-s 00000000 08:01 715503     /tmp/hsperfdata_alumnogreibd/2490
b66a3000-b66c7000 r-xp 00000000 08:01 414401     /usr/local/jdk1.8.0_31/jre/lib/i386/libjava.so
b66c7000-b66c8000 rw-p 00023000 08:01 414401     /usr/local/jdk1.8.0_31/jre/lib/i386/libjava.so
b66c8000-b66cf000 r-xp 00000000 08:01 422398     /lib/i386-linux-gnu/librt-2.19.so
b66cf000-b66d0000 r--p 00006000 08:01 422398     /lib/i386-linux-gnu/librt-2.19.so
b66d0000-b66d1000 rw-p 00007000 08:01 422398     /lib/i386-linux-gnu/librt-2.19.so
b66d1000-b66d4000 ---p 00000000 00:00 0 
b66d4000-b6722000 rw-p 00000000 00:00 0          [stack:2494]
b6722000-b6766000 r-xp 00000000 08:01 422177     /lib/i386-linux-gnu/libm-2.19.so
b6766000-b6767000 r--p 00043000 08:01 422177     /lib/i386-linux-gnu/libm-2.19.so
b6767000-b6768000 rw-p 00044000 08:01 422177     /lib/i386-linux-gnu/libm-2.19.so
b6768000-b70a5000 r-xp 00000000 08:01 952413     /usr/local/jdk1.8.0_31/jre/lib/i386/server/libjvm.so
b70a5000-b7111000 rw-p 0093c000 08:01 952413     /usr/local/jdk1.8.0_31/jre/lib/i386/server/libjvm.so
b7111000-b7536000 rw-p 00000000 00:00 0 
b7536000-b76e1000 r-xp 00000000 08:01 422376     /lib/i386-linux-gnu/libc-2.19.so
b76e1000-b76e3000 r--p 001aa000 08:01 422376     /lib/i386-linux-gnu/libc-2.19.so
b76e3000-b76e4000 rw-p 001ac000 08:01 422376     /lib/i386-linux-gnu/libc-2.19.so
b76e4000-b76e8000 rw-p 00000000 00:00 0 
b76e8000-b76eb000 r-xp 00000000 08:01 422219     /lib/i386-linux-gnu/libdl-2.19.so
b76eb000-b76ec000 r--p 00002000 08:01 422219     /lib/i386-linux-gnu/libdl-2.19.so
b76ec000-b76ed000 rw-p 00003000 08:01 422219     /lib/i386-linux-gnu/libdl-2.19.so
b76ed000-b7701000 r-xp 00000000 08:01 542806     /usr/local/jdk1.8.0_31/lib/i386/jli/libjli.so
b7701000-b7702000 rw-p 00013000 08:01 542806     /usr/local/jdk1.8.0_31/lib/i386/jli/libjli.so
b7702000-b771a000 r-xp 00000000 08:01 422096     /lib/i386-linux-gnu/libpthread-2.19.so
b771a000-b771b000 r--p 00018000 08:01 422096     /lib/i386-linux-gnu/libpthread-2.19.so
b771b000-b771c000 rw-p 00019000 08:01 422096     /lib/i386-linux-gnu/libpthread-2.19.so
b771c000-b771e000 rw-p 00000000 00:00 0 
b771e000-b7724000 r--s 0007e000 08:01 583926     /home/alumnogreibd/BDII/ProyectoBases/ProyectoBases/postgresql.jar
b7724000-b7725000 r--p 00522000 08:01 267103     /usr/lib/locale/locale-archive
b7725000-b7726000 rw-p 00000000 00:00 0 
b7726000-b7727000 r--p 00000000 00:00 0 
b7727000-b7732000 r-xp 00000000 08:01 414383     /usr/local/jdk1.8.0_31/jre/lib/i386/libverify.so
b7732000-b7733000 rw-p 0000b000 08:01 414383     /usr/local/jdk1.8.0_31/jre/lib/i386/libverify.so
b7733000-b7734000 rw-p 00000000 00:00 0 
b7734000-b7735000 r-xp 00000000 00:00 0          [vdso]
b7735000-b7755000 r-xp 00000000 08:01 422322     /lib/i386-linux-gnu/ld-2.19.so
b7755000-b7756000 r--p 0001f000 08:01 422322     /lib/i386-linux-gnu/ld-2.19.so
b7756000-b7757000 rw-p 00020000 08:01 422322     /lib/i386-linux-gnu/ld-2.19.so
bfa14000-bfa35000 rw-p 00000000 00:00 0          [stack]

VM Arguments:
jvm_args: -Dfile.encoding=UTF-8 
java_command: aplicacion.FachadaAplicacion
java_class_path (initial): /home/alumnogreibd/BDII/ProyectoBases/ProyectoBases/postgresql.jar:/home/alumnogreibd/BDII/ProyectoBases/ProyectoBases/jcalendar-1.4.jar:/usr/local/netbeans-8.0.2/java/modules/ext/AbsoluteLayout.jar:/home/alumnogreibd/BDII/ProyectoBases/ProyectoBases/build/classes
Launcher Type: SUN_STANDARD

Environment Variables:
PATH=/usr/local/sbin:/usr/local/bin:/usr/sbin:/usr/bin:/sbin:/bin:/usr/games:/usr/local/games
LD_LIBRARY_PATH=/usr/local/jdk1.8.0_31/jre/lib/amd64:/usr/local/jdk1.8.0_31/jre/lib/i386:
SHELL=/bin/bash
DISPLAY=:0

Signal Handlers:
SIGSEGV: [libjvm.so+0x894cb0], sa_mask[0]=11111111011111111101111111111110, sa_flags=SA_RESTART|SA_SIGINFO
SIGBUS: [libjvm.so+0x894cb0], sa_mask[0]=11111111011111111101111111111110, sa_flags=SA_RESTART|SA_SIGINFO
SIGFPE: [libjvm.so+0x71dd00], sa_mask[0]=11111111011111111101111111111110, sa_flags=SA_RESTART|SA_SIGINFO
SIGPIPE: [libjvm.so+0x71dd00], sa_mask[0]=11111111011111111101111111111110, sa_flags=SA_RESTART|SA_SIGINFO
SIGXFSZ: [libjvm.so+0x71dd00], sa_mask[0]=11111111011111111101111111111110, sa_flags=SA_RESTART|SA_SIGINFO
SIGILL: [libjvm.so+0x71dd00], sa_mask[0]=11111111011111111101111111111110, sa_flags=SA_RESTART|SA_SIGINFO
SIGUSR1: SIG_DFL, sa_mask[0]=00000000000000000000000000000000, sa_flags=none
SIGUSR2: [libjvm.so+0x71f4b0], sa_mask[0]=00100000000000000000000000000000, sa_flags=SA_RESTART|SA_SIGINFO
SIGHUP: [libjvm.so+0x7209b0], sa_mask[0]=11111111011111111101111111111110, sa_flags=SA_RESTART|SA_SIGINFO
SIGINT: SIG_IGN, sa_mask[0]=00000000000000000000000000000000, sa_flags=none
SIGTERM: [libjvm.so+0x7209b0], sa_mask[0]=11111111011111111101111111111110, sa_flags=SA_RESTART|SA_SIGINFO
SIGQUIT: [libjvm.so+0x7209b0], sa_mask[0]=11111111011111111101111111111110, sa_flags=SA_RESTART|SA_SIGINFO


---------------  S Y S T E M  ---------------

OS:DISTRIB_ID=Ubuntu
DISTRIB_RELEASE=14.04
DISTRIB_CODENAME=trusty
DISTRIB_DESCRIPTION="Ubuntu 14.04.6 LTS"

uname:Linux 3.13.0-169-generic #219-Ubuntu SMP Wed Apr 3 14:01:43 UTC 2019 i686
libc:glibc 2.19 NPTL 2.19 
rlimit: STACK 8192k, CORE 0k, NPROC 32137, NOFILE 4096, AS infinity
load average:0,08 0,05 0,11

/proc/meminfo:
MemTotal:        4135496 kB
MemFree:         1852792 kB
Buffers:          265256 kB
Cached:          1089152 kB
SwapCached:            0 kB
Active:          1260096 kB
Inactive:         872496 kB
Active(anon):     796360 kB
Inactive(anon):    90296 kB
Active(file):     463736 kB
Inactive(file):   782200 kB
Unevictable:          20 kB
Mlocked:              20 kB
HighTotal:       3280840 kB
HighFree:        1619296 kB
LowTotal:         854656 kB
LowFree:          233496 kB
SwapTotal:       1046524 kB
SwapFree:        1046524 kB
Dirty:              1336 kB
Writeback:             0 kB
AnonPages:        776176 kB
Mapped:           155568 kB
Shmem:            108996 kB
Slab:             129348 kB
SReclaimable:     112848 kB
SUnreclaim:        16500 kB
KernelStack:        2816 kB
PageTables:         5556 kB
NFS_Unstable:          0 kB
Bounce:               72 kB
WritebackTmp:          0 kB
CommitLimit:     3114272 kB
Committed_AS:    1972504 kB
VmallocTotal:     122880 kB
VmallocUsed:        8868 kB
VmallocChunk:     111104 kB
HardwareCorrupted:     0 kB
AnonHugePages:    579584 kB
HugePages_Total:       0
HugePages_Free:        0
HugePages_Rsvd:        0
HugePages_Surp:        0
Hugepagesize:       2048 kB
DirectMap4k:       36856 kB
DirectMap2M:      876544 kB


CPU:total 4 (4 cores per cpu, 1 threads per core) family 23 model 17 stepping 0, cmov, cx8, fxsr, mmx, sse, sse2, sse3, ssse3, sse4.1, sse4.2, popcnt, avx, avx2, aes, clmul, mmxext, lzcnt, sse4a, tsc, tscinvbit, tscinv

/proc/cpuinfo:
processor	: 0
vendor_id	: AuthenticAMD
cpu family	: 23
model		: 17
model name	: AMD Ryzen 5 2500U with Radeon Vega Mobile Gfx
stepping	: 0
microcode	: 0x6000626
cpu MHz		: 1996.226
cache size	: 512 KB
physical id	: 0
siblings	: 4
core id		: 0
cpu cores	: 4
apicid		: 0
initial apicid	: 0
fdiv_bug	: no
f00f_bug	: no
coma_bug	: no
fpu		: yes
fpu_exception	: yes
cpuid level	: 13
wp		: yes
flags		: fpu vme de pse tsc msr pae mce cx8 apic sep mtrr pge mca cmov pat pse36 clflush mmx fxsr sse sse2 ht syscall nx mmxext fxsr_opt rdtscp lm constant_tsc nonstop_tsc extd_apicid eagerfpu pni pclmulqdq ssse3 cx16 sse4_1 sse4_2 movbe popcnt aes xsave avx rdrand lahf_lm cmp_legacy cr8_legacy abm sse4a misalignsse 3dnowprefetch arat ssbd vmmcall fsgsbase avx2 rdseed
bogomips	: 3992.45
clflush size	: 64
cache_alignment	: 64
address sizes	: 48 bits physical, 48 bits virtual
power management:

processor	: 1
vendor_id	: AuthenticAMD
cpu family	: 23
model		: 17
model name	: AMD Ryzen 5 2500U with Radeon Vega Mobile Gfx  
stepping	: 0
microcode	: 0x6000626
cpu MHz		: 1996.226
cache size	: 512 KB
physical id	: 0
siblings	: 4
core id		: 1
cpu cores	: 4
apicid		: 1
initial apicid	: 1
fdiv_bug	: no
f00f_bug	: no
coma_bug	: no
fpu		: yes
fpu_exception	: yes
cpuid level	: 13
wp		: yes
flags		: fpu vme de pse tsc msr pae mce cx8 apic sep mtrr pge mca cmov pat pse36 clflush mmx fxsr sse sse2 ht syscall nx mmxext fxsr_opt rdtscp lm constant_tsc nonstop_tsc extd_apicid eagerfpu pni pclmulqdq ssse3 cx16 sse4_1 sse4_2 movbe popcnt aes xsave avx rdrand lahf_lm cmp_legacy cr8_legacy abm sse4a misalignsse 3dnowprefetch arat ssbd vmmcall fsgsbase avx2 rdseed
bogomips	: 3992.45
clflush size	: 64
cache_alignment	: 64
address sizes	: 48 bits physical, 48 bits virtual
power management:

processor	: 2
vendor_id	: AuthenticAMD
cpu family	: 23
model		: 17
model name	: AMD Ryzen 5 2500U with Radeon Vega Mobile Gfx  
stepping	: 0
microcode	: 0x6000626
cpu MHz		: 1996.226
cache size	: 512 KB
physical id	: 0
siblings	: 4
core id		: 2
cpu cores	: 4
apicid		: 2
initial apicid	: 2
fdiv_bug	: no
f00f_bug	: no
coma_bug	: no
fpu		: yes
fpu_exception	: yes
cpuid level	: 13
wp		: yes
flags		: fpu vme de pse tsc msr pae mce cx8 apic sep mtrr pge mca cmov pat pse36 clflush mmx fxsr sse sse2 ht syscall nx mmxext fxsr_opt rdtscp lm constant_tsc nonstop_tsc extd_apicid eagerfpu pni pclmulqdq ssse3 cx16 sse4_1 sse4_2 movbe popcnt aes xsave avx rdrand lahf_lm cmp_legacy cr8_legacy abm sse4a misalignsse 3dnowprefetch arat ssbd vmmcall fsgsbase avx2 rdseed
bogomips	: 3992.45
clflush size	: 64
cache_alignment	: 64
address sizes	: 48 bits physical, 48 bits virtual
power management:

processor	: 3
vendor_id	: AuthenticAMD
cpu family	: 23
model		: 17
model name	: AMD Ryzen 5 2500U with Radeon Vega Mobile Gfx  
stepping	: 0
microcode	: 0x6000626
cpu MHz		: 1996.226
cache size	: 512 KB
physical id	: 0
siblings	: 4
core id		: 3
cpu cores	: 4
apicid		: 3
initial apicid	: 3
fdiv_bug	: no
f00f_bug	: no
coma_bug	: no
fpu		: yes
fpu_exception	: yes
cpuid level	: 13
wp		: yes
flags		: fpu vme de pse tsc msr pae mce cx8 apic sep mtrr pge mca cmov pat pse36 clflush mmx fxsr sse sse2 ht syscall nx mmxext fxsr_opt rdtscp lm constant_tsc nonstop_tsc extd_apicid eagerfpu pni pclmulqdq ssse3 cx16 sse4_1 sse4_2 movbe popcnt aes xsave avx rdrand lahf_lm cmp_legacy cr8_legacy abm sse4a misalignsse 3dnowprefetch arat ssbd vmmcall fsgsbase avx2 rdseed
bogomips	: 3992.45
clflush size	: 64
cache_alignment	: 64
address sizes	: 48 bits physical, 48 bits virtual
power management:



Memory: 4k page, physical 4135496k(1852372k free), swap 1046524k(1046524k free)

vm_info: Java HotSpot(TM) Server VM (25.31-b07) for linux-x86 JRE (1.8.0_31-b13), built on Dec 17 2014 20:50:14 by "java_re" with gcc 4.3.0 20080428 (Red Hat 4.3.0-8)

time: Mon May  3 19:22:58 2021
elapsed time: 11484 seconds (0d 3h 11m 24s)

