#
# A fatal error has been detected by the Java Runtime Environment:
#
#  SIGSEGV (0xb) at pc=0xa75d075d, pid=2817, tid=1674648384
#
# JRE version: Java(TM) SE Runtime Environment (8.0_31-b13) (build 1.8.0_31-b13)
# Java VM: Java HotSpot(TM) Server VM (25.31-b07 mixed mode linux-x86 )
# Problematic frame:
# v  ~BufferBlob::jni_fast_GetLongField
#
# Failed to write core dump. Core dumps have been disabled. To enable core dumping, try "ulimit -c unlimited" before starting Java again
#
# If you would like to submit a bug report, please visit:
#   http://bugreport.java.com/bugreport/crash.jsp
# The crash happened outside the Java Virtual Machine in native code.
# See problematic frame for where to report the bug.
#

---------------  T H R E A D  ---------------

Current thread (0x640f5c00):  JavaThread "AWT-XAWT" daemon [_thread_in_native, id=2838, stack(0x63cc1000,0x63d12000)]

siginfo: si_signo: 11 (SIGSEGV), si_code: 1 (SEGV_MAPERR), si_addr: 0x00000000

Registers:
EAX=0x00000000, EBX=0x63f4c644, ECX=0x0000017c, EDX=0x00000000
ESP=0x63d10988, EBP=0x63d109c8, ESI=0x00000042, EDI=0x00000000
EIP=0xa75d075d, EFLAGS=0x00010246, CR2=0x00000000

Top of Stack: (sp=0x63d10988)
0x63d10988:   640f5d30 63f3534d 640f5d30 00000000
0x63d10998:   00000042 a767a3b9 934436d4 640f5d30
0x63d109a8:   63d109c8 00000000 b713f624 00010002
0x63d109b8:   00000001 63efc000 67514388 00000000
0x63d109c8:   67513e68 63e29038 67513e68 00000000
0x63d109d8:   00000000 a7b24528 9324dd58 64059090
0x63d109e8:   63e28fd9 63efc000 67514368 01000003
0x63d109f8:   0986e9b8 63e203c8 67513e68 934436b0 

Instructions: (pc=0xa75d075d)
0xa75d073d:   00 00 00 56 8b 0d a8 38 16 b7 f6 c1 01 0f 85 30
0xa75d074d:   00 00 00 8b c1 83 e0 01 8b 54 04 0c 8b 74 24 10
0xa75d075d:   8b 12 c1 ee 02 8b 04 32 8b 54 32 04 be a8 38 16
0xa75d076d:   b7 33 f2 33 f0 33 f2 33 f0 3b 0e 0f 85 02 00 00 

Register to memory mapping:

EAX=0x00000000 is an unknown value
EBX=0x63f4c644: <offset 0x4d644> in /usr/local/jdk1.8.0_31/jre/lib/i386/libawt_xawt.so at 0x63eff000
ECX=0x0000017c is an unknown value
EDX=0x00000000 is an unknown value
ESP=0x63d10988 is pointing into the stack for thread: 0x640f5c00
EBP=0x63d109c8 is pointing into the stack for thread: 0x640f5c00
ESI=0x00000042 is an unknown value
EDI=0x00000000 is an unknown value


Stack: [0x63cc1000,0x63d12000],  sp=0x63d10988,  free space=318k
Native frames: (J=compiled Java code, j=interpreted, Vv=VM code, C=native code)
v  ~BufferBlob::jni_fast_GetLongField
C  [libX11.so.6+0x5e038]  _XimServerDestroy+0x68

Java frames: (J=compiled Java code, j=interpreted, Vv=VM code)
J 708  sun.awt.X11.XlibWrapper.XFilterEvent(JJ)Z (0 bytes) @ 0xa77554f6 [0xa77554a0+0x56]
j  sun.awt.X11.XToolkit.run(Z)V+300
j  sun.awt.X11.XToolkit.run()V+5
j  java.lang.Thread.run()V+11
v  ~StubRoutines::call_stub

---------------  P R O C E S S  ---------------

Java Threads: ( => current thread )
  0x63b14400 JavaThread "DestroyJavaVM" [_thread_blocked, id=2822, stack(0xb6713000,0xb6764000)]
  0x6751c400 JavaThread "TimerQueue" daemon [_thread_blocked, id=2843, stack(0x6349e000,0x634ef000)]
  0x63b17400 JavaThread "AWT-EventQueue-0" [_thread_blocked, id=2841, stack(0x637af000,0x63800000)]
  0x63b16400 JavaThread "AWT-Shutdown" [_thread_blocked, id=2840, stack(0x63c03000,0x63c54000)]
=>0x640f5c00 JavaThread "AWT-XAWT" daemon [_thread_in_native, id=2838, stack(0x63cc1000,0x63d12000)]
  0x640e0000 JavaThread "Java2D Disposer" daemon [_thread_blocked, id=2837, stack(0x63d12000,0x63d63000)]
  0x64aaa800 JavaThread "Service Thread" daemon [_thread_blocked, id=2835, stack(0x6472e000,0x6477f000)]
  0x64aa7400 JavaThread "C1 CompilerThread2" daemon [_thread_blocked, id=2834, stack(0x641cd000,0x6424e000)]
  0x64aa5c00 JavaThread "C2 CompilerThread1" daemon [_thread_blocked, id=2833, stack(0x6424e000,0x642cf000)]
  0x64aa4000 JavaThread "C2 CompilerThread0" daemon [_thread_blocked, id=2832, stack(0x6477f000,0x64800000)]
  0x64aa2800 JavaThread "Signal Dispatcher" daemon [_thread_blocked, id=2831, stack(0x6492e000,0x6497f000)]
  0x64a85400 JavaThread "Finalizer" daemon [_thread_blocked, id=2829, stack(0x64b0b000,0x64b5c000)]
  0x64a83c00 JavaThread "Reference Handler" daemon [_thread_blocked, id=2828, stack(0x6762e000,0x6767f000)]

Other Threads:
  0x64a80c00 VMThread [stack: 0x6497f000,0x64a00000] [id=2827]
  0x64aac000 WatcherThread [stack: 0x6414c000,0x641cd000] [id=2836]

VM state:not at safepoint (normal execution)

VM Mutex/Monitor currently owned by a thread: None

Heap:
 PSYoungGen      total 19200K, used 7254K [0x91f80000, 0x934c0000, 0xa7000000)
  eden space 16640K, 28% used [0x91f80000,0x92418da0,0x92fc0000)
  from space 2560K, 99% used [0x93240000,0x934bcac0,0x934c0000)
  to   space 2560K, 0% used [0x92fc0000,0x92fc0000,0x93240000)
 ParOldGen       total 43776K, used 1606K [0x67e00000, 0x6a8c0000, 0x91f80000)
  object space 43776K, 3% used [0x67e00000,0x67f91b78,0x6a8c0000)
 Metaspace       used 10511K, capacity 10691K, committed 10776K, reserved 11568K

Card table byte_map: [0x67c06000,0x67e00000] byte_map_base: 0x678c7000

Marking Bits: (ParMarkBitMap*) 0xb7163580
 Begin Bits: [0x65570000, 0x66538000)
 End Bits:   [0x66538000, 0x67500000)

Polling page: 0xb7768000

CodeCache: size=245760Kb used=5858Kb max_used=5868Kb free=239901Kb
 bounds [0xa757b000, 0xa7b3b000, 0xb657b000]
 total_blobs=2353 nmethods=2068 adapters=200
 compilation: enabled

Compilation events (10 events):
Event: 2193,597 Thread 0x64aa7400 2228       3       java.util.AbstractList::listIterator (6 bytes)
Event: 2193,598 Thread 0x64aa7400 nmethod 2228 0xa7b23f08 code [0xa7b24020, 0xa7b2418c]
Event: 2193,598 Thread 0x64aa7400 2227       3       java.util.AbstractSequentialList::iterator (5 bytes)
Event: 2193,598 Thread 0x64aa7400 nmethod 2227 0xa795bdc8 code [0xa795bee0, 0xa795c10c]
Event: 2221,030 Thread 0x64aa7400 2229       3       java.awt.Container::clearLightweightDispatcherOnRemove (24 bytes)
Event: 2221,032 Thread 0x64aa7400 nmethod 2229 0xa7b37288 code [0xa7b373e0, 0xa7b377c4]
Event: 4579,807 Thread 0x64aa4000 2230       4       java.util.Vector$Itr::hasNext (20 bytes)
Event: 4579,808 Thread 0x64aa4000 nmethod 2230 0xa7b20488 code [0xa7b20580, 0xa7b205f0]
Event: 4670,730 Thread 0x64aa7400 2231       3       sun.awt.X11.XClientMessageEvent::get_message_type (20 bytes)
Event: 4670,731 Thread 0x64aa7400 nmethod 2231 0xa7b3a0c8 code [0xa7b3a200, 0xa7b3a4ac]

GC Heap History (4 events):
Event: 11,421 GC heap before
{Heap before GC invocations=1 (full 0):
 PSYoungGen      total 19200K, used 16640K [0x91f80000, 0x934c0000, 0xa7000000)
  eden space 16640K, 100% used [0x91f80000,0x92fc0000,0x92fc0000)
  from space 2560K, 0% used [0x93240000,0x93240000,0x934c0000)
  to   space 2560K, 0% used [0x92fc0000,0x92fc0000,0x93240000)
 ParOldGen       total 43776K, used 0K [0x67e00000, 0x6a8c0000, 0x91f80000)
  object space 43776K, 0% used [0x67e00000,0x67e00000,0x6a8c0000)
 Metaspace       used 9679K, capacity 9819K, committed 9880K, reserved 10544K
Event: 11,444 GC heap after
Heap after GC invocations=1 (full 0):
 PSYoungGen      total 19200K, used 2546K [0x91f80000, 0x934c0000, 0xa7000000)
  eden space 16640K, 0% used [0x91f80000,0x91f80000,0x92fc0000)
  from space 2560K, 99% used [0x92fc0000,0x9323cac0,0x93240000)
  to   space 2560K, 0% used [0x93240000,0x93240000,0x934c0000)
 ParOldGen       total 43776K, used 1417K [0x67e00000, 0x6a8c0000, 0x91f80000)
  object space 43776K, 3% used [0x67e00000,0x67f62660,0x6a8c0000)
 Metaspace       used 9679K, capacity 9819K, committed 9880K, reserved 10544K
}
Event: 1878,115 GC heap before
{Heap before GC invocations=2 (full 0):
 PSYoungGen      total 19200K, used 19186K [0x91f80000, 0x934c0000, 0xa7000000)
  eden space 16640K, 100% used [0x91f80000,0x92fc0000,0x92fc0000)
  from space 2560K, 99% used [0x92fc0000,0x9323cac0,0x93240000)
  to   space 2560K, 0% used [0x93240000,0x93240000,0x934c0000)
 ParOldGen       total 43776K, used 1417K [0x67e00000, 0x6a8c0000, 0x91f80000)
  object space 43776K, 3% used [0x67e00000,0x67f62660,0x6a8c0000)
 Metaspace       used 10409K, capacity 10588K, committed 10648K, reserved 11568K
Event: 1878,123 GC heap after
Heap after GC invocations=2 (full 0):
 PSYoungGen      total 19200K, used 2546K [0x91f80000, 0x934c0000, 0xa7000000)
  eden space 16640K, 0% used [0x91f80000,0x91f80000,0x92fc0000)
  from space 2560K, 99% used [0x93240000,0x934bcac0,0x934c0000)
  to   space 2560K, 0% used [0x92fc0000,0x92fc0000,0x93240000)
 ParOldGen       total 43776K, used 1606K [0x67e00000, 0x6a8c0000, 0x91f80000)
  object space 43776K, 3% used [0x67e00000,0x67f91b78,0x6a8c0000)
 Metaspace       used 10409K, capacity 10588K, committed 10648K, reserved 11568K
}

Deoptimization events (10 events):
Event: 6,450 Thread 0x63b17400 Uncommon trap: reason=class_check action=maybe_recompile pc=0xa76c2f0c method=java.lang.String.equals(Ljava/lang/Object;)Z @ 8
Event: 6,450 Thread 0x63b17400 Uncommon trap: reason=class_check action=maybe_recompile pc=0xa76c2f0c method=java.lang.String.equals(Ljava/lang/Object;)Z @ 8
Event: 633,102 Thread 0x63b17400 Uncommon trap: reason=unreached action=reinterpret pc=0xa7a3bda0 method=sun.awt.X11.XWindow.getGraphics(Lsun/java2d/SurfaceData;Ljava/awt/Color;Ljava/awt/Color;Ljava/awt/Font;)Ljava/awt/Graphics; @ 30
Event: 1880,277 Thread 0x63b17400 Uncommon trap: reason=unreached action=reinterpret pc=0xa793e060 method=java.awt.Container$MouseEventTargetFilter.accept(Ljava/awt/Component;)Z @ 57
Event: 1880,280 Thread 0x63b17400 Uncommon trap: reason=unreached action=reinterpret pc=0xa7942df4 method=java.awt.Container$MouseEventTargetFilter.accept(Ljava/awt/Component;)Z @ 57
Event: 1886,395 Thread 0x63b17400 Uncommon trap: reason=bimorphic action=maybe_recompile pc=0xa7ab4528 method=java.util.HashMap.putVal(ILjava/lang/Object;Ljava/lang/Object;ZZ)Ljava/lang/Object; @ 203
Event: 1886,395 Thread 0x63b17400 Uncommon trap: reason=bimorphic action=maybe_recompile pc=0xa7ab4528 method=java.util.HashMap.putVal(ILjava/lang/Object;Ljava/lang/Object;ZZ)Ljava/lang/Object; @ 203
Event: 1886,395 Thread 0x63b17400 Uncommon trap: reason=bimorphic action=maybe_recompile pc=0xa7ab4528 method=java.util.HashMap.putVal(ILjava/lang/Object;Ljava/lang/Object;ZZ)Ljava/lang/Object; @ 203
Event: 1886,395 Thread 0x63b17400 Uncommon trap: reason=bimorphic action=maybe_recompile pc=0xa7ab4528 method=java.util.HashMap.putVal(ILjava/lang/Object;Ljava/lang/Object;ZZ)Ljava/lang/Object; @ 203
Event: 1886,396 Thread 0x63b17400 Uncommon trap: reason=bimorphic action=maybe_recompile pc=0xa77c7cc0 method=java.util.HashMap.putVal(ILjava/lang/Object;Ljava/lang/Object;ZZ)Ljava/lang/Object; @ 203

Internal exceptions (10 events):
Event: 14,577 Thread 0x63b17400 Exception <a 'java/security/PrivilegedActionException'> (0x91fdd150) thrown at [/HUDSON3/workspace/8-2-build-linux-i586/jdk8u31/2394/hotspot/src/share/vm/prims/jvm.cpp, line 1312]
Event: 14,616 Thread 0x63b17400 Exception <a 'java/security/PrivilegedActionException'> (0x920c8b38) thrown at [/HUDSON3/workspace/8-2-build-linux-i586/jdk8u31/2394/hotspot/src/share/vm/prims/jvm.cpp, line 1312]
Event: 14,618 Thread 0x63b17400 Exception <a 'java/security/PrivilegedActionException'> (0x920cc0c0) thrown at [/HUDSON3/workspace/8-2-build-linux-i586/jdk8u31/2394/hotspot/src/share/vm/prims/jvm.cpp, line 1312]
Event: 14,618 Thread 0x63b17400 Exception <a 'java/security/PrivilegedActionException'> (0x920ce4c0) thrown at [/HUDSON3/workspace/8-2-build-linux-i586/jdk8u31/2394/hotspot/src/share/vm/prims/jvm.cpp, line 1312]
Event: 14,636 Thread 0x63b17400 Exception <a 'java/security/PrivilegedActionException'> (0x920e3af0) thrown at [/HUDSON3/workspace/8-2-build-linux-i586/jdk8u31/2394/hotspot/src/share/vm/prims/jvm.cpp, line 1312]
Event: 14,655 Thread 0x63b17400 Exception <a 'java/security/PrivilegedActionException'> (0x920f2590) thrown at [/HUDSON3/workspace/8-2-build-linux-i586/jdk8u31/2394/hotspot/src/share/vm/prims/jvm.cpp, line 1312]
Event: 14,776 Thread 0x63b17400 Exception <a 'java/lang/UnsupportedOperationException': > (0x92124630) thrown at [/HUDSON3/workspace/8-2-build-linux-i586/jdk8u31/2394/hotspot/src/share/vm/prims/jni.cpp, line 742]
Event: 1878,337 Thread 0x63b17400 Exception <a 'java/lang/UnsupportedOperationException': > (0x92002060) thrown at [/HUDSON3/workspace/8-2-build-linux-i586/jdk8u31/2394/hotspot/src/share/vm/prims/jni.cpp, line 742]
Event: 1879,010 Thread 0x63b17400 Exception <a 'java/lang/UnsupportedOperationException': > (0x920be1f0) thrown at [/HUDSON3/workspace/8-2-build-linux-i586/jdk8u31/2394/hotspot/src/share/vm/prims/jni.cpp, line 742]
Event: 1879,153 Thread 0x63b17400 Exception <a 'java/lang/UnsupportedOperationException': > (0x920d3fe0) thrown at [/HUDSON3/workspace/8-2-build-linux-i586/jdk8u31/2394/hotspot/src/share/vm/prims/jni.cpp, line 742]

Events (10 events):
Event: 1906,011 Thread 0x64aa7400 flushing nmethod 0xa7963ac8
Event: 1906,011 Thread 0x64aa7400 flushing nmethod 0xa796ae88
Event: 1963,262 loading class sun/awt/X11/XSelectionClearEvent
Event: 1963,262 loading class sun/awt/X11/XSelectionClearEvent done
Event: 1963,263 Executing VM operation: RevokeBias
Event: 1963,263 Executing VM operation: RevokeBias done
Event: 1963,263 loading class sun/awt/datatransfer/SunClipboard$2
Event: 1963,263 loading class sun/awt/datatransfer/SunClipboard$2 done
Event: 1963,263 Executing VM operation: RevokeBias
Event: 1963,263 Executing VM operation: RevokeBias done


Dynamic libraries:
08048000-08049000 r-xp 00000000 08:01 287984     /usr/local/jdk1.8.0_31/bin/java
08049000-0804a000 rw-p 00000000 08:01 287984     /usr/local/jdk1.8.0_31/bin/java
0986d000-09969000 rw-p 00000000 00:00 0          [heap]
61700000-617ea000 rw-p 00000000 00:00 0 
617ea000-61800000 ---p 00000000 00:00 0 
61800000-61900000 rw-p 00000000 00:00 0 
61b00000-61cf9000 rw-p 00000000 00:00 0 
61cf9000-61d00000 ---p 00000000 00:00 0 
61d00000-61df0000 rw-p 00000000 00:00 0 
61df0000-61e00000 ---p 00000000 00:00 0 
61e00000-61ef3000 rw-p 00000000 00:00 0 
61ef3000-61f00000 ---p 00000000 00:00 0 
61f00000-61ffb000 rw-p 00000000 00:00 0 
61ffb000-62000000 ---p 00000000 00:00 0 
62000000-620c9000 rw-p 00000000 00:00 0 
620c9000-62100000 ---p 00000000 00:00 0 
62100000-621f9000 rw-p 00000000 00:00 0 
621f9000-62200000 ---p 00000000 00:00 0 
62300000-623ff000 rw-p 00000000 00:00 0 
623ff000-62400000 ---p 00000000 00:00 0 
62500000-625a2000 rw-p 00000000 00:00 0 
625a2000-62600000 ---p 00000000 00:00 0 
62700000-627fd000 rw-p 00000000 00:00 0 
627fd000-62800000 ---p 00000000 00:00 0 
62800000-62900000 rw-p 00000000 00:00 0 
62a00000-62b00000 rw-p 00000000 00:00 0 
62b00000-62bfa000 rw-p 00000000 00:00 0 
62bfa000-62c00000 ---p 00000000 00:00 0 
62c00000-62cff000 rw-p 00000000 00:00 0 
62cff000-62d00000 ---p 00000000 00:00 0 
62d00000-62dfc000 rw-p 00000000 00:00 0 
62dfc000-62e00000 ---p 00000000 00:00 0 
62e00000-62efd000 rw-p 00000000 00:00 0 
62efd000-62f00000 ---p 00000000 00:00 0 
62f00000-63000000 rw-p 00000000 00:00 0 
630e2000-630ff000 rw-s 00000000 00:04 6848525    /SYSV00000000 (deleted)
630ff000-631ff000 rw-p 00000000 00:00 0 
63200000-63240000 rw-p 00000000 00:00 0 
63240000-63300000 ---p 00000000 00:00 0 
63300000-63321000 rw-p 00000000 00:00 0 
63321000-63400000 ---p 00000000 00:00 0 
63418000-6341b000 ---p 00000000 00:00 0 
6341b000-63469000 rw-p 00000000 00:00 0 
63469000-6349d000 r-xp 00000000 08:01 414395     /usr/local/jdk1.8.0_31/jre/lib/i386/libjpeg.so
6349d000-6349e000 rw-p 00033000 08:01 414395     /usr/local/jdk1.8.0_31/jre/lib/i386/libjpeg.so
6349e000-634a1000 ---p 00000000 00:00 0 
634a1000-635ef000 rw-p 00000000 00:00 0          [stack:2843]
635ef000-6364f000 r-xp 00000000 08:01 414413     /usr/local/jdk1.8.0_31/jre/lib/i386/libt2k.so
6364f000-63653000 rw-p 00060000 08:01 414413     /usr/local/jdk1.8.0_31/jre/lib/i386/libt2k.so
63653000-63657000 rw-p 00000000 00:00 0 
63657000-6366f000 r--s 00000000 08:01 791689     /usr/share/fonts/type1/gsfonts/n022003l.pfb
6366f000-63680000 r--s 00000000 08:01 791662     /usr/share/fonts/type1/gsfonts/n019024l.pfb
63680000-63699000 r--s 00000000 08:01 791692     /usr/share/fonts/type1/gsfonts/n022004l.pfb
63699000-636af000 r--s 00000000 08:01 791686     /usr/share/fonts/type1/gsfonts/n021024l.pfb
636af000-637af000 rw-p 00000000 00:00 0 
637af000-637b2000 ---p 00000000 00:00 0 
637b2000-63800000 rw-p 00000000 00:00 0          [stack:2841]
63800000-638ff000 rw-p 00000000 00:00 0 
638ff000-63900000 ---p 00000000 00:00 0 
63900000-63a00000 rw-p 00000000 00:00 0 
63a00000-63b00000 rw-p 00000000 00:00 0 
63b00000-63c00000 rw-p 00000000 00:00 0 
63c03000-63c06000 ---p 00000000 00:00 0 
63c06000-63c54000 rw-p 00000000 00:00 0          [stack:2840]
63c54000-63c70000 r--s 00393000 08:01 952443     /usr/local/jdk1.8.0_31/jre/lib/ext/cldrdata.jar
63c70000-63c73000 ---p 00000000 00:00 0 
63c73000-63cc1000 rw-p 00000000 00:00 0 
63cc1000-63cc4000 ---p 00000000 00:00 0 
63cc4000-63d12000 rw-p 00000000 00:00 0          [stack:2838]
63d12000-63d15000 ---p 00000000 00:00 0 
63d15000-63d63000 rw-p 00000000 00:00 0          [stack:2837]
63d63000-63dc4000 r-xp 00000000 08:01 414347     /usr/local/jdk1.8.0_31/jre/lib/i386/libfontmanager.so
63dc4000-63dc7000 rw-p 00060000 08:01 414347     /usr/local/jdk1.8.0_31/jre/lib/i386/libfontmanager.so
63dc7000-63dcb000 rw-p 00000000 00:00 0 
63dcb000-63efb000 r-xp 00000000 08:01 262434     /usr/lib/i386-linux-gnu/libX11.so.6.3.0
63efb000-63efc000 r--p 00130000 08:01 262434     /usr/lib/i386-linux-gnu/libX11.so.6.3.0
63efc000-63efe000 rw-p 00131000 08:01 262434     /usr/lib/i386-linux-gnu/libX11.so.6.3.0
63efe000-63eff000 rw-p 00000000 00:00 0 
63eff000-63f4c000 r-xp 00000000 08:01 414369     /usr/local/jdk1.8.0_31/jre/lib/i386/libawt_xawt.so
63f4c000-63f4e000 rw-p 0004c000 08:01 414369     /usr/local/jdk1.8.0_31/jre/lib/i386/libawt_xawt.so
63f4e000-63f4f000 rw-p 00000000 00:00 0 
63f4f000-63fd5000 r-xp 00000000 08:01 414414     /usr/local/jdk1.8.0_31/jre/lib/i386/libawt.so
63fd5000-63fdc000 rw-p 00086000 08:01 414414     /usr/local/jdk1.8.0_31/jre/lib/i386/libawt.so
63fdc000-64000000 rw-p 00000000 00:00 0 
64000000-640fc000 rw-p 00000000 00:00 0 
640fc000-64100000 ---p 00000000 00:00 0 
64104000-64119000 r-xp 00000000 08:01 414412     /usr/local/jdk1.8.0_31/jre/lib/i386/libnet.so
64119000-6411a000 rw-p 00014000 08:01 414412     /usr/local/jdk1.8.0_31/jre/lib/i386/libnet.so
6411a000-64136000 r-xp 00000000 08:01 399158     /lib/i386-linux-gnu/libgcc_s.so.1
64136000-64137000 rw-p 0001b000 08:01 399158     /lib/i386-linux-gnu/libgcc_s.so.1
6413c000-6414b000 r-xp 00000000 08:01 414411     /usr/local/jdk1.8.0_31/jre/lib/i386/libnio.so
6414b000-6414c000 rw-p 0000e000 08:01 414411     /usr/local/jdk1.8.0_31/jre/lib/i386/libnio.so
6414c000-6414d000 ---p 00000000 00:00 0 
6414d000-641cd000 rw-p 00000000 00:00 0          [stack:2836]
641cd000-641d0000 ---p 00000000 00:00 0 
641d0000-6424e000 rw-p 00000000 00:00 0          [stack:2834]
6424e000-64251000 ---p 00000000 00:00 0 
64251000-642cf000 rw-p 00000000 00:00 0          [stack:2833]
642cf000-64400000 r--p 00189000 08:01 267103     /usr/lib/locale/locale-archive
64400000-64600000 r--p 00000000 08:01 267103     /usr/lib/locale/locale-archive
64600000-646a1000 rw-p 00000000 00:00 0 
646a1000-64700000 ---p 00000000 00:00 0 
64708000-6472e000 r--p 00000000 08:01 536501     /usr/share/locale-langpack/es/LC_MESSAGES/libc.mo
6472e000-64731000 ---p 00000000 00:00 0 
64731000-6477f000 rw-p 00000000 00:00 0          [stack:2835]
6477f000-64782000 ---p 00000000 00:00 0 
64782000-64800000 rw-p 00000000 00:00 0          [stack:2832]
64800000-64900000 rw-p 00000000 00:00 0 
64901000-6490c000 r--s 00116000 08:01 952430     /usr/local/jdk1.8.0_31/jre/lib/ext/localedata.jar
6490c000-6492c000 r-xp 00000000 08:01 265693     /usr/lib/i386-linux-gnu/libxcb.so.1.1.0
6492c000-6492d000 r--p 0001f000 08:01 265693     /usr/lib/i386-linux-gnu/libxcb.so.1.1.0
6492d000-6492e000 rw-p 00020000 08:01 265693     /usr/lib/i386-linux-gnu/libxcb.so.1.1.0
6492e000-64931000 ---p 00000000 00:00 0 
64931000-6497f000 rw-p 00000000 00:00 0          [stack:2831]
6497f000-64980000 ---p 00000000 00:00 0 
64980000-64a00000 rw-p 00000000 00:00 0          [stack:2827]
64a00000-64af9000 rw-p 00000000 00:00 0 
64af9000-64b00000 ---p 00000000 00:00 0 
64b05000-64b09000 r-xp 00000000 08:01 263902     /usr/lib/i386-linux-gnu/libXfixes.so.3.1.0
64b09000-64b0a000 r--p 00003000 08:01 263902     /usr/lib/i386-linux-gnu/libXfixes.so.3.1.0
64b0a000-64b0b000 rw-p 00004000 08:01 263902     /usr/lib/i386-linux-gnu/libXfixes.so.3.1.0
64b0b000-64b0e000 ---p 00000000 00:00 0 
64b0e000-64b5c000 rw-p 00000000 00:00 0          [stack:2829]
64b5c000-64d32000 r--s 03cae000 08:01 414440     /usr/local/jdk1.8.0_31/jre/lib/rt.jar
64d32000-65178000 rw-p 00000000 00:00 0 
65178000-6517e000 ---p 00000000 00:00 0 
6517e000-67500000 rw-p 00000000 00:00 0 
67500000-675f4000 rw-p 00000000 00:00 0 
675f4000-67600000 ---p 00000000 00:00 0 
67604000-67609000 r-xp 00000000 08:01 264785     /usr/lib/i386-linux-gnu/libXdmcp.so.6.0.0
67609000-6760a000 r--p 00004000 08:01 264785     /usr/lib/i386-linux-gnu/libXdmcp.so.6.0.0
6760a000-6760b000 rw-p 00005000 08:01 264785     /usr/lib/i386-linux-gnu/libXdmcp.so.6.0.0
6760b000-67619000 r-xp 00000000 08:01 270258     /usr/lib/i386-linux-gnu/libXi.so.6.1.0
67619000-6761a000 r--p 0000e000 08:01 270258     /usr/lib/i386-linux-gnu/libXi.so.6.1.0
6761a000-6761b000 rw-p 0000f000 08:01 270258     /usr/lib/i386-linux-gnu/libXi.so.6.1.0
6761b000-6762c000 r-xp 00000000 08:01 263193     /usr/lib/i386-linux-gnu/libXext.so.6.4.0
6762c000-6762d000 r--p 00010000 08:01 263193     /usr/lib/i386-linux-gnu/libXext.so.6.4.0
6762d000-6762e000 rw-p 00011000 08:01 263193     /usr/lib/i386-linux-gnu/libXext.so.6.4.0
6762e000-67631000 ---p 00000000 00:00 0 
67631000-6767f000 rw-p 00000000 00:00 0          [stack:2828]
6767f000-67680000 ---p 00000000 00:00 0 
67680000-67700000 rw-p 00000000 00:00 0          [stack:2826]
67700000-677fc000 rw-p 00000000 00:00 0 
677fc000-67800000 ---p 00000000 00:00 0 
67800000-67821000 rw-p 00000000 00:00 0 
67821000-67900000 ---p 00000000 00:00 0 
67900000-67904000 r--s 00094000 08:01 414433     /usr/local/jdk1.8.0_31/jre/lib/jsse.jar
67904000-6790d000 r-xp 00000000 08:01 264794     /usr/lib/i386-linux-gnu/libXrender.so.1.3.0
6790d000-6790e000 r--p 00008000 08:01 264794     /usr/lib/i386-linux-gnu/libXrender.so.1.3.0
6790e000-6790f000 rw-p 00009000 08:01 264794     /usr/lib/i386-linux-gnu/libXrender.so.1.3.0
67912000-6791b000 r-xp 00000000 08:01 264767     /usr/lib/i386-linux-gnu/libXcursor.so.1.0.2
6791b000-6791c000 r--p 00008000 08:01 264767     /usr/lib/i386-linux-gnu/libXcursor.so.1.0.2
6791c000-6791d000 rw-p 00009000 08:01 264767     /usr/lib/i386-linux-gnu/libXcursor.so.1.0.2
6791d000-67924000 r--s 00000000 08:01 368217     /usr/lib/i386-linux-gnu/gconv/gconv-modules.cache
67924000-6797f000 rw-p 00000000 00:00 0 
6797f000-67980000 ---p 00000000 00:00 0 
67980000-67a00000 rw-p 00000000 00:00 0          [stack:2825]
67a00000-67a21000 rw-p 00000000 00:00 0 
67a21000-67b00000 ---p 00000000 00:00 0 
67b00000-67b02000 r-xp 00000000 08:01 264774     /usr/lib/i386-linux-gnu/libXau.so.6.0.0
67b02000-67b03000 r--p 00001000 08:01 264774     /usr/lib/i386-linux-gnu/libXau.so.6.0.0
67b03000-67b04000 rw-p 00002000 08:01 264774     /usr/lib/i386-linux-gnu/libXau.so.6.0.0
67b04000-67b05000 ---p 00000000 00:00 0 
67b05000-67b85000 rw-p 00000000 00:00 0          [stack:2824]
67b85000-67b86000 ---p 00000000 00:00 0 
67b86000-67c1c000 rw-p 00000000 00:00 0          [stack:2823]
67c1c000-67d56000 ---p 00000000 00:00 0 
67d56000-67d62000 rw-p 00000000 00:00 0 
67d62000-67dff000 ---p 00000000 00:00 0 
67dff000-6a8c0000 rw-p 00000000 00:00 0 
6a8c0000-91f80000 ---p 00000000 00:00 0 
91f80000-934c0000 rw-p 00000000 00:00 0 
934c0000-a7000000 ---p 00000000 00:00 0 
a7003000-a7080000 rw-p 00000000 00:00 0 
a7080000-a71bb000 ---p 00000000 00:00 0 
a71bb000-a71d2000 rw-p 00000000 00:00 0 
a71d2000-a757b000 ---p 00000000 00:00 0 
a757b000-a7b3b000 rwxp 00000000 00:00 0 
a7b3b000-b657b000 ---p 00000000 00:00 0 
b657b000-b6594000 r-xp 00000000 08:01 414410     /usr/local/jdk1.8.0_31/jre/lib/i386/libzip.so
b6594000-b6595000 rw-p 00018000 08:01 414410     /usr/local/jdk1.8.0_31/jre/lib/i386/libzip.so
b6595000-b659f000 r-xp 00000000 08:01 422395     /lib/i386-linux-gnu/libnss_files-2.19.so
b659f000-b65a0000 r--p 00009000 08:01 422395     /lib/i386-linux-gnu/libnss_files-2.19.so
b65a0000-b65a1000 rw-p 0000a000 08:01 422395     /lib/i386-linux-gnu/libnss_files-2.19.so
b65a1000-b65ab000 r-xp 00000000 08:01 422209     /lib/i386-linux-gnu/libnss_nis-2.19.so
b65ab000-b65ac000 r--p 00009000 08:01 422209     /lib/i386-linux-gnu/libnss_nis-2.19.so
b65ac000-b65ad000 rw-p 0000a000 08:01 422209     /lib/i386-linux-gnu/libnss_nis-2.19.so
b65ad000-b65c2000 r-xp 00000000 08:01 422422     /lib/i386-linux-gnu/libnsl-2.19.so
b65c2000-b65c3000 r--p 00015000 08:01 422422     /lib/i386-linux-gnu/libnsl-2.19.so
b65c3000-b65c4000 rw-p 00016000 08:01 422422     /lib/i386-linux-gnu/libnsl-2.19.so
b65c4000-b65c6000 rw-p 00000000 00:00 0 
b65c6000-b65cb000 r-xp 00000000 08:01 264815     /usr/lib/i386-linux-gnu/libXtst.so.6.1.0
b65cb000-b65cc000 r--p 00004000 08:01 264815     /usr/lib/i386-linux-gnu/libXtst.so.6.1.0
b65cc000-b65cd000 rw-p 00005000 08:01 264815     /usr/lib/i386-linux-gnu/libXtst.so.6.1.0
b65cd000-b65d3000 r--s 00023000 08:01 583983     /home/alumnogreibd/BDII/ProyectoBases/ProyectoBases/jcalendar-1.4.jar
b65d3000-b65db000 rw-s 00000000 08:01 715506     /tmp/hsperfdata_alumnogreibd/2817
b65db000-b65ff000 r-xp 00000000 08:01 414401     /usr/local/jdk1.8.0_31/jre/lib/i386/libjava.so
b65ff000-b6600000 rw-p 00023000 08:01 414401     /usr/local/jdk1.8.0_31/jre/lib/i386/libjava.so
b6600000-b66fa000 rw-p 00000000 00:00 0 
b66fa000-b6700000 ---p 00000000 00:00 0 
b6700000-b6701000 r--s 00000000 08:01 1062433    /usr/local/netbeans-8.0.2/java/modules/ext/AbsoluteLayout.jar
b6701000-b6708000 r-xp 00000000 08:01 422418     /lib/i386-linux-gnu/libnss_compat-2.19.so
b6708000-b6709000 r--p 00006000 08:01 422418     /lib/i386-linux-gnu/libnss_compat-2.19.so
b6709000-b670a000 rw-p 00007000 08:01 422418     /lib/i386-linux-gnu/libnss_compat-2.19.so
b670a000-b6711000 r-xp 00000000 08:01 422398     /lib/i386-linux-gnu/librt-2.19.so
b6711000-b6712000 r--p 00006000 08:01 422398     /lib/i386-linux-gnu/librt-2.19.so
b6712000-b6713000 rw-p 00007000 08:01 422398     /lib/i386-linux-gnu/librt-2.19.so
b6713000-b6716000 ---p 00000000 00:00 0 
b6716000-b6764000 rw-p 00000000 00:00 0          [stack:2822]
b6764000-b67a8000 r-xp 00000000 08:01 422177     /lib/i386-linux-gnu/libm-2.19.so
b67a8000-b67a9000 r--p 00043000 08:01 422177     /lib/i386-linux-gnu/libm-2.19.so
b67a9000-b67aa000 rw-p 00044000 08:01 422177     /lib/i386-linux-gnu/libm-2.19.so
b67aa000-b70e7000 r-xp 00000000 08:01 952413     /usr/local/jdk1.8.0_31/jre/lib/i386/server/libjvm.so
b70e7000-b7153000 rw-p 0093c000 08:01 952413     /usr/local/jdk1.8.0_31/jre/lib/i386/server/libjvm.so
b7153000-b7578000 rw-p 00000000 00:00 0 
b7578000-b7723000 r-xp 00000000 08:01 422376     /lib/i386-linux-gnu/libc-2.19.so
b7723000-b7725000 r--p 001aa000 08:01 422376     /lib/i386-linux-gnu/libc-2.19.so
b7725000-b7726000 rw-p 001ac000 08:01 422376     /lib/i386-linux-gnu/libc-2.19.so
b7726000-b772a000 rw-p 00000000 00:00 0 
b772a000-b772d000 r-xp 00000000 08:01 422219     /lib/i386-linux-gnu/libdl-2.19.so
b772d000-b772e000 r--p 00002000 08:01 422219     /lib/i386-linux-gnu/libdl-2.19.so
b772e000-b772f000 rw-p 00003000 08:01 422219     /lib/i386-linux-gnu/libdl-2.19.so
b772f000-b7743000 r-xp 00000000 08:01 542806     /usr/local/jdk1.8.0_31/lib/i386/jli/libjli.so
b7743000-b7744000 rw-p 00013000 08:01 542806     /usr/local/jdk1.8.0_31/lib/i386/jli/libjli.so
b7744000-b775c000 r-xp 00000000 08:01 422096     /lib/i386-linux-gnu/libpthread-2.19.so
b775c000-b775d000 r--p 00018000 08:01 422096     /lib/i386-linux-gnu/libpthread-2.19.so
b775d000-b775e000 rw-p 00019000 08:01 422096     /lib/i386-linux-gnu/libpthread-2.19.so
b775e000-b7760000 rw-p 00000000 00:00 0 
b7760000-b7766000 r--s 0007e000 08:01 583926     /home/alumnogreibd/BDII/ProyectoBases/ProyectoBases/postgresql.jar
b7766000-b7767000 r--p 00522000 08:01 267103     /usr/lib/locale/locale-archive
b7767000-b7768000 rw-p 00000000 00:00 0 
b7768000-b7769000 r--p 00000000 00:00 0 
b7769000-b7774000 r-xp 00000000 08:01 414383     /usr/local/jdk1.8.0_31/jre/lib/i386/libverify.so
b7774000-b7775000 rw-p 0000b000 08:01 414383     /usr/local/jdk1.8.0_31/jre/lib/i386/libverify.so
b7775000-b7776000 rw-p 00000000 00:00 0 
b7776000-b7777000 r-xp 00000000 00:00 0          [vdso]
b7777000-b7797000 r-xp 00000000 08:01 422322     /lib/i386-linux-gnu/ld-2.19.so
b7797000-b7798000 r--p 0001f000 08:01 422322     /lib/i386-linux-gnu/ld-2.19.so
b7798000-b7799000 rw-p 00020000 08:01 422322     /lib/i386-linux-gnu/ld-2.19.so
bf91c000-bf93d000 rw-p 00000000 00:00 0          [stack]

VM Arguments:
jvm_args: -Dfile.encoding=UTF-8 
java_command: aplicacion.FachadaAplicacion
java_class_path (initial): /home/alumnogreibd/BDII/ProyectoBases/ProyectoBases/postgresql.jar:/home/alumnogreibd/BDII/ProyectoBases/ProyectoBases/jcalendar-1.4.jar:/usr/local/netbeans-8.0.2/java/modules/ext/AbsoluteLayout.jar:/home/alumnogreibd/BDII/ProyectoBases/ProyectoBases/build/classes
Launcher Type: SUN_STANDARD

Environment Variables:
PATH=/usr/local/sbin:/usr/local/bin:/usr/sbin:/usr/bin:/sbin:/bin:/usr/games:/usr/local/games
LD_LIBRARY_PATH=/usr/local/jdk1.8.0_31/jre/lib/amd64:/usr/local/jdk1.8.0_31/jre/lib/i386:
SHELL=/bin/bash
DISPLAY=:0

Signal Handlers:
SIGSEGV: [libjvm.so+0x894cb0], sa_mask[0]=11111111011111111101111111111110, sa_flags=SA_RESTART|SA_SIGINFO
SIGBUS: [libjvm.so+0x894cb0], sa_mask[0]=11111111011111111101111111111110, sa_flags=SA_RESTART|SA_SIGINFO
SIGFPE: [libjvm.so+0x71dd00], sa_mask[0]=11111111011111111101111111111110, sa_flags=SA_RESTART|SA_SIGINFO
SIGPIPE: [libjvm.so+0x71dd00], sa_mask[0]=11111111011111111101111111111110, sa_flags=SA_RESTART|SA_SIGINFO
SIGXFSZ: [libjvm.so+0x71dd00], sa_mask[0]=11111111011111111101111111111110, sa_flags=SA_RESTART|SA_SIGINFO
SIGILL: [libjvm.so+0x71dd00], sa_mask[0]=11111111011111111101111111111110, sa_flags=SA_RESTART|SA_SIGINFO
SIGUSR1: SIG_DFL, sa_mask[0]=00000000000000000000000000000000, sa_flags=none
SIGUSR2: [libjvm.so+0x71f4b0], sa_mask[0]=00100000000000000000000000000000, sa_flags=SA_RESTART|SA_SIGINFO
SIGHUP: [libjvm.so+0x7209b0], sa_mask[0]=11111111011111111101111111111110, sa_flags=SA_RESTART|SA_SIGINFO
SIGINT: SIG_IGN, sa_mask[0]=00000000000000000000000000000000, sa_flags=none
SIGTERM: [libjvm.so+0x7209b0], sa_mask[0]=11111111011111111101111111111110, sa_flags=SA_RESTART|SA_SIGINFO
SIGQUIT: [libjvm.so+0x7209b0], sa_mask[0]=11111111011111111101111111111110, sa_flags=SA_RESTART|SA_SIGINFO


---------------  S Y S T E M  ---------------

OS:DISTRIB_ID=Ubuntu
DISTRIB_RELEASE=14.04
DISTRIB_CODENAME=trusty
DISTRIB_DESCRIPTION="Ubuntu 14.04.6 LTS"

uname:Linux 3.13.0-169-generic #219-Ubuntu SMP Wed Apr 3 14:01:43 UTC 2019 i686
libc:glibc 2.19 NPTL 2.19 
rlimit: STACK 8192k, CORE 0k, NPROC 32137, NOFILE 4096, AS infinity
load average:0,08 0,05 0,11

/proc/meminfo:
MemTotal:        4135496 kB
MemFree:         1689632 kB
Buffers:          265256 kB
Cached:          1106576 kB
SwapCached:            0 kB
Active:          1395888 kB
Inactive:         893920 kB
Active(anon):     937284 kB
Inactive(anon):   107032 kB
Active(file):     458604 kB
Inactive(file):   786888 kB
Unevictable:          20 kB
Mlocked:              20 kB
HighTotal:       3280840 kB
HighFree:        1480452 kB
LowTotal:         854656 kB
LowFree:          209180 kB
SwapTotal:       1046524 kB
SwapFree:        1046524 kB
Dirty:              1336 kB
Writeback:             0 kB
AnonPages:        885172 kB
Mapped:           176112 kB
Shmem:            126420 kB
Slab:             130084 kB
SReclaimable:     113256 kB
SUnreclaim:        16828 kB
KernelStack:        3216 kB
PageTables:         7760 kB
NFS_Unstable:          0 kB
Bounce:               72 kB
WritebackTmp:          0 kB
CommitLimit:     3114272 kB
Committed_AS:    2950624 kB
VmallocTotal:     122880 kB
VmallocUsed:        8796 kB
VmallocChunk:     111104 kB
HardwareCorrupted:     0 kB
AnonHugePages:    579584 kB
HugePages_Total:       0
HugePages_Free:        0
HugePages_Rsvd:        0
HugePages_Surp:        0
Hugepagesize:       2048 kB
DirectMap4k:       36856 kB
DirectMap2M:      876544 kB


CPU:total 4 (4 cores per cpu, 1 threads per core) family 23 model 17 stepping 0, cmov, cx8, fxsr, mmx, sse, sse2, sse3, ssse3, sse4.1, sse4.2, popcnt, avx, avx2, aes, clmul, mmxext, lzcnt, sse4a, tsc, tscinvbit, tscinv

/proc/cpuinfo:
processor	: 0
vendor_id	: AuthenticAMD
cpu family	: 23
model		: 17
model name	: AMD Ryzen 5 2500U with Radeon Vega Mobile Gfx
stepping	: 0
microcode	: 0x6000626
cpu MHz		: 1996.226
cache size	: 512 KB
physical id	: 0
siblings	: 4
core id		: 0
cpu cores	: 4
apicid		: 0
initial apicid	: 0
fdiv_bug	: no
f00f_bug	: no
coma_bug	: no
fpu		: yes
fpu_exception	: yes
cpuid level	: 13
wp		: yes
flags		: fpu vme de pse tsc msr pae mce cx8 apic sep mtrr pge mca cmov pat pse36 clflush mmx fxsr sse sse2 ht syscall nx mmxext fxsr_opt rdtscp lm constant_tsc nonstop_tsc extd_apicid eagerfpu pni pclmulqdq ssse3 cx16 sse4_1 sse4_2 movbe popcnt aes xsave avx rdrand lahf_lm cmp_legacy cr8_legacy abm sse4a misalignsse 3dnowprefetch arat ssbd vmmcall fsgsbase avx2 rdseed
bogomips	: 3992.45
clflush size	: 64
cache_alignment	: 64
address sizes	: 48 bits physical, 48 bits virtual
power management:

processor	: 1
vendor_id	: AuthenticAMD
cpu family	: 23
model		: 17
model name	: AMD Ryzen 5 2500U with Radeon Vega Mobile Gfx  
stepping	: 0
microcode	: 0x6000626
cpu MHz		: 1996.226
cache size	: 512 KB
physical id	: 0
siblings	: 4
core id		: 1
cpu cores	: 4
apicid		: 1
initial apicid	: 1
fdiv_bug	: no
f00f_bug	: no
coma_bug	: no
fpu		: yes
fpu_exception	: yes
cpuid level	: 13
wp		: yes
flags		: fpu vme de pse tsc msr pae mce cx8 apic sep mtrr pge mca cmov pat pse36 clflush mmx fxsr sse sse2 ht syscall nx mmxext fxsr_opt rdtscp lm constant_tsc nonstop_tsc extd_apicid eagerfpu pni pclmulqdq ssse3 cx16 sse4_1 sse4_2 movbe popcnt aes xsave avx rdrand lahf_lm cmp_legacy cr8_legacy abm sse4a misalignsse 3dnowprefetch arat ssbd vmmcall fsgsbase avx2 rdseed
bogomips	: 3992.45
clflush size	: 64
cache_alignment	: 64
address sizes	: 48 bits physical, 48 bits virtual
power management:

processor	: 2
vendor_id	: AuthenticAMD
cpu family	: 23
model		: 17
model name	: AMD Ryzen 5 2500U with Radeon Vega Mobile Gfx  
stepping	: 0
microcode	: 0x6000626
cpu MHz		: 1996.226
cache size	: 512 KB
physical id	: 0
siblings	: 4
core id		: 2
cpu cores	: 4
apicid		: 2
initial apicid	: 2
fdiv_bug	: no
f00f_bug	: no
coma_bug	: no
fpu		: yes
fpu_exception	: yes
cpuid level	: 13
wp		: yes
flags		: fpu vme de pse tsc msr pae mce cx8 apic sep mtrr pge mca cmov pat pse36 clflush mmx fxsr sse sse2 ht syscall nx mmxext fxsr_opt rdtscp lm constant_tsc nonstop_tsc extd_apicid eagerfpu pni pclmulqdq ssse3 cx16 sse4_1 sse4_2 movbe popcnt aes xsave avx rdrand lahf_lm cmp_legacy cr8_legacy abm sse4a misalignsse 3dnowprefetch arat ssbd vmmcall fsgsbase avx2 rdseed
bogomips	: 3992.45
clflush size	: 64
cache_alignment	: 64
address sizes	: 48 bits physical, 48 bits virtual
power management:

processor	: 3
vendor_id	: AuthenticAMD
cpu family	: 23
model		: 17
model name	: AMD Ryzen 5 2500U with Radeon Vega Mobile Gfx  
stepping	: 0
microcode	: 0x6000626
cpu MHz		: 1996.226
cache size	: 512 KB
physical id	: 0
siblings	: 4
core id		: 3
cpu cores	: 4
apicid		: 3
initial apicid	: 3
fdiv_bug	: no
f00f_bug	: no
coma_bug	: no
fpu		: yes
fpu_exception	: yes
cpuid level	: 13
wp		: yes
flags		: fpu vme de pse tsc msr pae mce cx8 apic sep mtrr pge mca cmov pat pse36 clflush mmx fxsr sse sse2 ht syscall nx mmxext fxsr_opt rdtscp lm constant_tsc nonstop_tsc extd_apicid eagerfpu pni pclmulqdq ssse3 cx16 sse4_1 sse4_2 movbe popcnt aes xsave avx rdrand lahf_lm cmp_legacy cr8_legacy abm sse4a misalignsse 3dnowprefetch arat ssbd vmmcall fsgsbase avx2 rdseed
bogomips	: 3992.45
clflush size	: 64
cache_alignment	: 64
address sizes	: 48 bits physical, 48 bits virtual
power management:



Memory: 4k page, physical 4135496k(1691704k free), swap 1046524k(1046524k free)

vm_info: Java HotSpot(TM) Server VM (25.31-b07) for linux-x86 JRE (1.8.0_31-b13), built on Dec 17 2014 20:50:14 by "java_re" with gcc 4.3.0 20080428 (Red Hat 4.3.0-8)

time: Mon May  3 19:22:58 2021
elapsed time: 10901 seconds (0d 3h 1m 41s)

